{"/Users/user1/Desktop/personal/book-a-meal/api/src/app.js":{"path":"/Users/user1/Desktop/personal/book-a-meal/api/src/app.js","statementMap":{"0":{"start":{"line":3,"column":0},"end":{"line":5,"column":3}},"1":{"start":{"line":6,"column":0},"end":{"line":6,"column":25}},"2":{"start":{"line":8,"column":0},"end":{"line":8,"column":27}},"3":{"start":{"line":10,"column":15},"end":{"line":10,"column":57}},"4":{"start":{"line":12,"column":14},"end":{"line":12,"column":55}},"5":{"start":{"line":14,"column":18},"end":{"line":14,"column":64}},"6":{"start":{"line":16,"column":12},"end":{"line":16,"column":51}},"7":{"start":{"line":18,"column":24},"end":{"line":18,"column":77}},"8":{"start":{"line":20,"column":14},"end":{"line":20,"column":55}},"9":{"start":{"line":22,"column":14},"end":{"line":22,"column":31}},"10":{"start":{"line":24,"column":16},"end":{"line":24,"column":67}},"11":{"start":{"line":26,"column":16},"end":{"line":26,"column":74}},"12":{"start":{"line":28,"column":15},"end":{"line":28,"column":72}},"13":{"start":{"line":30,"column":12},"end":{"line":30,"column":66}},"14":{"start":{"line":32,"column":12},"end":{"line":32,"column":66}},"15":{"start":{"line":34,"column":13},"end":{"line":34,"column":68}},"16":{"start":{"line":36,"column":16},"end":{"line":36,"column":74}},"17":{"start":{"line":38,"column":13},"end":{"line":38,"column":68}},"18":{"start":{"line":40,"column":13},"end":{"line":40,"column":68}},"19":{"start":{"line":42,"column":14},"end":{"line":42,"column":70}},"20":{"start":{"line":44,"column":16},"end":{"line":44,"column":74}},"21":{"start":{"line":46,"column":17},"end":{"line":46,"column":76}},"22":{"start":{"line":48,"column":17},"end":{"line":48,"column":76}},"23":{"start":{"line":50,"column":15},"end":{"line":50,"column":64}},"24":{"start":{"line":52,"column":39},"end":{"line":52,"column":93}},"25":{"start":{"line":54,"column":34},"end":{"line":54,"column":117}},"26":{"start":{"line":56,"column":30},"end":{"line":56,"column":106}},"27":{"start":{"line":58,"column":52},"end":{"line":58,"column":54}},"28":{"start":{"line":58,"column":65},"end":{"line":58,"column":69}},"29":{"start":{"line":58,"column":80},"end":{"line":58,"column":85}},"30":{"start":{"line":58,"column":96},"end":{"line":58,"column":105}},"31":{"start":{"line":58,"column":107},"end":{"line":58,"column":394}},"32":{"start":{"line":58,"column":113},"end":{"line":58,"column":256}},"33":{"start":{"line":58,"column":127},"end":{"line":58,"column":149}},"34":{"start":{"line":58,"column":199},"end":{"line":58,"column":219}},"35":{"start":{"line":58,"column":220},"end":{"line":58,"column":254}},"36":{"start":{"line":58,"column":248},"end":{"line":58,"column":254}},"37":{"start":{"line":58,"column":273},"end":{"line":58,"column":283}},"38":{"start":{"line":58,"column":284},"end":{"line":58,"column":293}},"39":{"start":{"line":58,"column":306},"end":{"line":58,"column":392}},"40":{"start":{"line":58,"column":312},"end":{"line":58,"column":360}},"41":{"start":{"line":58,"column":345},"end":{"line":58,"column":360}},"42":{"start":{"line":58,"column":373},"end":{"line":58,"column":390}},"43":{"start":{"line":58,"column":381},"end":{"line":58,"column":390}},"44":{"start":{"line":58,"column":395},"end":{"line":58,"column":407}},"45":{"start":{"line":60,"column":32},"end":{"line":60,"column":67}},"46":{"start":{"line":60,"column":56},"end":{"line":60,"column":67}},"47":{"start":{"line":62,"column":77},"end":{"line":62,"column":175}},"48":{"start":{"line":62,"column":94},"end":{"line":62,"column":107}},"49":{"start":{"line":62,"column":121},"end":{"line":62,"column":131}},"50":{"start":{"line":62,"column":151},"end":{"line":62,"column":165}},"51":{"start":{"line":62,"column":166},"end":{"line":62,"column":173}},"52":{"start":{"line":62,"column":176},"end":{"line":62,"column":263}},"53":{"start":{"line":62,"column":193},"end":{"line":62,"column":208}},"54":{"start":{"line":62,"column":218},"end":{"line":62,"column":261}},"55":{"start":{"line":64,"column":33},"end":{"line":64,"column":387}},"56":{"start":{"line":64,"column":65},"end":{"line":64,"column":69}},"57":{"start":{"line":64,"column":78},"end":{"line":64,"column":87}},"58":{"start":{"line":64,"column":89},"end":{"line":64,"column":384}},"59":{"start":{"line":64,"column":147},"end":{"line":64,"column":167}},"60":{"start":{"line":64,"column":193},"end":{"line":64,"column":264}},"61":{"start":{"line":64,"column":290},"end":{"line":64,"column":360}},"62":{"start":{"line":64,"column":363},"end":{"line":64,"column":380}},"63":{"start":{"line":66,"column":0},"end":{"line":66,"column":22}},"64":{"start":{"line":67,"column":11},"end":{"line":67,"column":35}},"65":{"start":{"line":68,"column":10},"end":{"line":68,"column":33}},"66":{"start":{"line":70,"column":0},"end":{"line":70,"column":30}},"67":{"start":{"line":71,"column":0},"end":{"line":71,"column":37}},"68":{"start":{"line":73,"column":0},"end":{"line":73,"column":105}},"69":{"start":{"line":75,"column":0},"end":{"line":75,"column":36}},"70":{"start":{"line":76,"column":0},"end":{"line":78,"column":4}},"71":{"start":{"line":79,"column":0},"end":{"line":83,"column":3}},"72":{"start":{"line":80,"column":2},"end":{"line":82,"column":5}},"73":{"start":{"line":90,"column":0},"end":{"line":90,"column":44}},"74":{"start":{"line":92,"column":0},"end":{"line":92,"column":42}},"75":{"start":{"line":94,"column":0},"end":{"line":97,"column":3}},"76":{"start":{"line":99,"column":0},"end":{"line":102,"column":3}},"77":{"start":{"line":104,"column":0},"end":{"line":107,"column":3}},"78":{"start":{"line":109,"column":0},"end":{"line":109,"column":43}},"79":{"start":{"line":111,"column":0},"end":{"line":111,"column":46}},"80":{"start":{"line":113,"column":0},"end":{"line":113,"column":44}},"81":{"start":{"line":115,"column":0},"end":{"line":115,"column":40}},"82":{"start":{"line":117,"column":0},"end":{"line":119,"column":3}},"83":{"start":{"line":121,"column":0},"end":{"line":123,"column":3}},"84":{"start":{"line":127,"column":0},"end":{"line":174,"column":3}},"85":{"start":{"line":128,"column":13},"end":{"line":169,"column":5}},"86":{"start":{"line":132,"column":4},"end":{"line":168,"column":32}},"87":{"start":{"line":133,"column":6},"end":{"line":167,"column":7}},"88":{"start":{"line":134,"column":8},"end":{"line":166,"column":9}},"89":{"start":{"line":136,"column":12},"end":{"line":136,"column":30}},"90":{"start":{"line":137,"column":12},"end":{"line":137,"column":30}},"91":{"start":{"line":138,"column":12},"end":{"line":138,"column":74}},"92":{"start":{"line":141,"column":12},"end":{"line":141,"column":33}},"93":{"start":{"line":142,"column":12},"end":{"line":156,"column":16}},"94":{"start":{"line":150,"column":26},"end":{"line":150,"column":50}},"95":{"start":{"line":151,"column":29},"end":{"line":151,"column":37}},"96":{"start":{"line":152,"column":31},"end":{"line":152,"column":39}},"97":{"start":{"line":155,"column":14},"end":{"line":155,"column":58}},"98":{"start":{"line":159,"column":12},"end":{"line":159,"column":30}},"99":{"start":{"line":160,"column":12},"end":{"line":160,"column":47}},"100":{"start":{"line":161,"column":12},"end":{"line":161,"column":71}},"101":{"start":{"line":165,"column":12},"end":{"line":165,"column":35}},"102":{"start":{"line":171,"column":2},"end":{"line":173,"column":4}},"103":{"start":{"line":172,"column":4},"end":{"line":172,"column":39}},"104":{"start":{"line":176,"column":0},"end":{"line":194,"column":3}},"105":{"start":{"line":177,"column":2},"end":{"line":177,"column":74}},"106":{"start":{"line":178,"column":2},"end":{"line":191,"column":5}},"107":{"start":{"line":179,"column":4},"end":{"line":179,"column":28}},"108":{"start":{"line":181,"column":4},"end":{"line":190,"column":7}},"109":{"start":{"line":186,"column":6},"end":{"line":189,"column":7}},"110":{"start":{"line":187,"column":8},"end":{"line":187,"column":16}},"111":{"start":{"line":188,"column":8},"end":{"line":188,"column":35}},"112":{"start":{"line":193,"column":2},"end":{"line":193,"column":59}},"113":{"start":{"line":202,"column":0},"end":{"line":202,"column":42}},"114":{"start":{"line":209,"column":0},"end":{"line":209,"column":41}},"115":{"start":{"line":216,"column":0},"end":{"line":216,"column":44}},"116":{"start":{"line":223,"column":0},"end":{"line":223,"column":47}},"117":{"start":{"line":230,"column":0},"end":{"line":230,"column":45}},"118":{"start":{"line":237,"column":0},"end":{"line":237,"column":49}},"119":{"start":{"line":238,"column":15},"end":{"line":238,"column":18}},"120":{"start":{"line":239,"column":0},"end":{"line":239,"column":27}}},"fnMap":{"0":{"name":"_interopRequireDefault","decl":{"start":{"line":52,"column":9},"end":{"line":52,"column":31}},"loc":{"start":{"line":52,"column":37},"end":{"line":52,"column":95}},"line":52},"1":{"name":"_slicedToArray","decl":{"start":{"line":54,"column":9},"end":{"line":54,"column":23}},"loc":{"start":{"line":54,"column":32},"end":{"line":54,"column":119}},"line":54},"2":{"name":"_nonIterableRest","decl":{"start":{"line":56,"column":9},"end":{"line":56,"column":25}},"loc":{"start":{"line":56,"column":28},"end":{"line":56,"column":108}},"line":56},"3":{"name":"_iterableToArrayLimit","decl":{"start":{"line":58,"column":9},"end":{"line":58,"column":30}},"loc":{"start":{"line":58,"column":39},"end":{"line":58,"column":409}},"line":58},"4":{"name":"_arrayWithHoles","decl":{"start":{"line":60,"column":9},"end":{"line":60,"column":24}},"loc":{"start":{"line":60,"column":30},"end":{"line":60,"column":69}},"line":60},"5":{"name":"asyncGeneratorStep","decl":{"start":{"line":62,"column":9},"end":{"line":62,"column":27}},"loc":{"start":{"line":62,"column":75},"end":{"line":62,"column":265}},"line":62},"6":{"name":"_asyncToGenerator","decl":{"start":{"line":64,"column":9},"end":{"line":64,"column":26}},"loc":{"start":{"line":64,"column":31},"end":{"line":64,"column":389}},"line":64},"7":{"name":"(anonymous_7)","decl":{"start":{"line":64,"column":40},"end":{"line":64,"column":41}},"loc":{"start":{"line":64,"column":52},"end":{"line":64,"column":386}},"line":64},"8":{"name":"(anonymous_8)","decl":{"start":{"line":64,"column":108},"end":{"line":64,"column":109}},"loc":{"start":{"line":64,"column":135},"end":{"line":64,"column":382}},"line":64},"9":{"name":"_next","decl":{"start":{"line":64,"column":178},"end":{"line":64,"column":183}},"loc":{"start":{"line":64,"column":191},"end":{"line":64,"column":266}},"line":64},"10":{"name":"_throw","decl":{"start":{"line":64,"column":276},"end":{"line":64,"column":282}},"loc":{"start":{"line":64,"column":288},"end":{"line":64,"column":362}},"line":64},"11":{"name":"(anonymous_11)","decl":{"start":{"line":79,"column":13},"end":{"line":79,"column":14}},"loc":{"start":{"line":79,"column":33},"end":{"line":83,"column":1}},"line":79},"12":{"name":"(anonymous_12)","decl":{"start":{"line":127,"column":0},"end":{"line":127,"column":1}},"loc":{"start":{"line":127,"column":12},"end":{"line":174,"column":1}},"line":127},"13":{"name":"_callee","decl":{"start":{"line":130,"column":35},"end":{"line":130,"column":42}},"loc":{"start":{"line":130,"column":45},"end":{"line":169,"column":3}},"line":130},"14":{"name":"_callee$","decl":{"start":{"line":132,"column":44},"end":{"line":132,"column":52}},"loc":{"start":{"line":132,"column":63},"end":{"line":168,"column":5}},"line":132},"15":{"name":"(anonymous_15)","decl":{"start":{"line":149,"column":22},"end":{"line":149,"column":23}},"loc":{"start":{"line":149,"column":39},"end":{"line":156,"column":13}},"line":149},"16":{"name":"Seeds","decl":{"start":{"line":171,"column":18},"end":{"line":171,"column":23}},"loc":{"start":{"line":171,"column":26},"end":{"line":173,"column":3}},"line":171},"17":{"name":"(anonymous_17)","decl":{"start":{"line":176,"column":30},"end":{"line":176,"column":31}},"loc":{"start":{"line":176,"column":42},"end":{"line":192,"column":1}},"line":176},"18":{"name":"(anonymous_18)","decl":{"start":{"line":178,"column":31},"end":{"line":178,"column":32}},"loc":{"start":{"line":178,"column":43},"end":{"line":191,"column":3}},"line":178},"19":{"name":"(anonymous_19)","decl":{"start":{"line":185,"column":12},"end":{"line":185,"column":13}},"loc":{"start":{"line":185,"column":31},"end":{"line":190,"column":5}},"line":185},"20":{"name":"(anonymous_20)","decl":{"start":{"line":192,"column":9},"end":{"line":192,"column":10}},"loc":{"start":{"line":192,"column":24},"end":{"line":194,"column":1}},"line":192}},"branchMap":{"0":{"loc":{"start":{"line":52,"column":46},"end":{"line":52,"column":92}},"type":"cond-expr","locations":[{"start":{"line":52,"column":70},"end":{"line":52,"column":73}},{"start":{"line":52,"column":76},"end":{"line":52,"column":92}}],"line":52},"1":{"loc":{"start":{"line":52,"column":46},"end":{"line":52,"column":67}},"type":"binary-expr","locations":[{"start":{"line":52,"column":46},"end":{"line":52,"column":49}},{"start":{"line":52,"column":53},"end":{"line":52,"column":67}}],"line":52},"2":{"loc":{"start":{"line":54,"column":41},"end":{"line":54,"column":116}},"type":"binary-expr","locations":[{"start":{"line":54,"column":41},"end":{"line":54,"column":61}},{"start":{"line":54,"column":65},"end":{"line":54,"column":94}},{"start":{"line":54,"column":98},"end":{"line":54,"column":116}}],"line":54},"3":{"loc":{"start":{"line":58,"column":220},"end":{"line":58,"column":254}},"type":"if","locations":[{"start":{"line":58,"column":220},"end":{"line":58,"column":254}},{"start":{"line":58,"column":220},"end":{"line":58,"column":254}}],"line":58},"4":{"loc":{"start":{"line":58,"column":224},"end":{"line":58,"column":246}},"type":"binary-expr","locations":[{"start":{"line":58,"column":224},"end":{"line":58,"column":225}},{"start":{"line":58,"column":229},"end":{"line":58,"column":246}}],"line":58},"5":{"loc":{"start":{"line":58,"column":312},"end":{"line":58,"column":360}},"type":"if","locations":[{"start":{"line":58,"column":312},"end":{"line":58,"column":360}},{"start":{"line":58,"column":312},"end":{"line":58,"column":360}}],"line":58},"6":{"loc":{"start":{"line":58,"column":316},"end":{"line":58,"column":343}},"type":"binary-expr","locations":[{"start":{"line":58,"column":316},"end":{"line":58,"column":319}},{"start":{"line":58,"column":323},"end":{"line":58,"column":343}}],"line":58},"7":{"loc":{"start":{"line":58,"column":373},"end":{"line":58,"column":390}},"type":"if","locations":[{"start":{"line":58,"column":373},"end":{"line":58,"column":390}},{"start":{"line":58,"column":373},"end":{"line":58,"column":390}}],"line":58},"8":{"loc":{"start":{"line":60,"column":32},"end":{"line":60,"column":67}},"type":"if","locations":[{"start":{"line":60,"column":32},"end":{"line":60,"column":67}},{"start":{"line":60,"column":32},"end":{"line":60,"column":67}}],"line":60},"9":{"loc":{"start":{"line":62,"column":176},"end":{"line":62,"column":263}},"type":"if","locations":[{"start":{"line":62,"column":176},"end":{"line":62,"column":263}},{"start":{"line":62,"column":176},"end":{"line":62,"column":263}}],"line":62},"10":{"loc":{"start":{"line":67,"column":11},"end":{"line":67,"column":35}},"type":"binary-expr","locations":[{"start":{"line":67,"column":11},"end":{"line":67,"column":27}},{"start":{"line":67,"column":31},"end":{"line":67,"column":35}}],"line":67},"11":{"loc":{"start":{"line":134,"column":8},"end":{"line":166,"column":9}},"type":"switch","locations":[{"start":{"line":135,"column":10},"end":{"line":138,"column":74}},{"start":{"line":140,"column":10},"end":{"line":156,"column":16}},{"start":{"line":158,"column":10},"end":{"line":161,"column":71}},{"start":{"line":163,"column":10},"end":{"line":163,"column":18}},{"start":{"line":164,"column":10},"end":{"line":165,"column":35}}],"line":134},"12":{"loc":{"start":{"line":186,"column":6},"end":{"line":189,"column":7}},"type":"if","locations":[{"start":{"line":186,"column":6},"end":{"line":189,"column":7}},{"start":{"line":186,"column":6},"end":{"line":189,"column":7}}],"line":186}},"s":{"0":1,"1":1,"2":1,"3":1,"4":1,"5":1,"6":1,"7":1,"8":1,"9":1,"10":1,"11":1,"12":1,"13":1,"14":1,"15":1,"16":1,"17":1,"18":1,"19":1,"20":1,"21":1,"22":1,"23":1,"24":20,"25":0,"26":0,"27":0,"28":0,"29":0,"30":0,"31":0,"32":0,"33":0,"34":0,"35":0,"36":0,"37":0,"38":0,"39":0,"40":0,"41":0,"42":0,"43":0,"44":0,"45":0,"46":0,"47":0,"48":0,"49":0,"50":0,"51":0,"52":0,"53":0,"54":0,"55":1,"56":0,"57":0,"58":0,"59":0,"60":0,"61":0,"62":0,"63":1,"64":1,"65":1,"66":1,"67":1,"68":1,"69":1,"70":1,"71":1,"72":0,"73":1,"74":1,"75":1,"76":1,"77":1,"78":1,"79":1,"80":1,"81":1,"82":1,"83":1,"84":1,"85":1,"86":0,"87":0,"88":0,"89":0,"90":0,"91":0,"92":0,"93":0,"94":0,"95":0,"96":0,"97":0,"98":0,"99":0,"100":0,"101":0,"102":1,"103":0,"104":1,"105":1,"106":1,"107":1,"108":1,"109":1,"110":0,"111":0,"112":0,"113":1,"114":1,"115":1,"116":1,"117":1,"118":1,"119":1,"120":1},"f":{"0":20,"1":0,"2":0,"3":0,"4":0,"5":0,"6":1,"7":0,"8":0,"9":0,"10":0,"11":0,"12":1,"13":0,"14":0,"15":0,"16":0,"17":1,"18":1,"19":1,"20":0},"b":{"0":[13,7],"1":[20,20],"2":[0,0,0],"3":[0,0],"4":[0,0],"5":[0,0],"6":[0,0],"7":[0,0],"8":[0,0],"9":[0,0],"10":[1,1],"11":[0,0,0,0,0],"12":[0,1]},"_coverageSchema":"43e27e138ebf9cfc5966b082cf9a028302ed4184","hash":"e11f904db107a870b035df10ed927f7e8e9181b8","contentHash":"ae95a964d513477bd1efa5a8a09b04c671a4cf79ecb5aa6b944b5ad50efde34e"},"/Users/user1/Desktop/personal/book-a-meal/api/src/utils/database.js":{"path":"/Users/user1/Desktop/personal/book-a-meal/api/src/utils/database.js","statementMap":{"0":{"start":{"line":3,"column":0},"end":{"line":5,"column":3}},"1":{"start":{"line":6,"column":0},"end":{"line":6,"column":25}},"2":{"start":{"line":8,"column":17},"end":{"line":8,"column":61}},"3":{"start":{"line":10,"column":14},"end":{"line":10,"column":31}},"4":{"start":{"line":12,"column":39},"end":{"line":12,"column":93}},"5":{"start":{"line":14,"column":0},"end":{"line":14,"column":22}},"6":{"start":{"line":15,"column":16},"end":{"line":17,"column":2}},"7":{"start":{"line":18,"column":15},"end":{"line":18,"column":24}},"8":{"start":{"line":19,"column":0},"end":{"line":19,"column":27}}},"fnMap":{"0":{"name":"_interopRequireDefault","decl":{"start":{"line":12,"column":9},"end":{"line":12,"column":31}},"loc":{"start":{"line":12,"column":37},"end":{"line":12,"column":95}},"line":12}},"branchMap":{"0":{"loc":{"start":{"line":12,"column":46},"end":{"line":12,"column":92}},"type":"cond-expr","locations":[{"start":{"line":12,"column":70},"end":{"line":12,"column":73}},{"start":{"line":12,"column":76},"end":{"line":12,"column":92}}],"line":12},"1":{"loc":{"start":{"line":12,"column":46},"end":{"line":12,"column":67}},"type":"binary-expr","locations":[{"start":{"line":12,"column":46},"end":{"line":12,"column":49}},{"start":{"line":12,"column":53},"end":{"line":12,"column":67}}],"line":12}},"s":{"0":1,"1":1,"2":1,"3":1,"4":1,"5":1,"6":1,"7":1,"8":1},"f":{"0":1},"b":{"0":[0,1],"1":[1,1]},"_coverageSchema":"43e27e138ebf9cfc5966b082cf9a028302ed4184","hash":"cf2ebe47959f185120341f5855ddd7f9158dc3d8","contentHash":"2ab21752667f48e86048ad8b06268bee21c46880a6b73972b22bce7df8988633"},"/Users/user1/Desktop/personal/book-a-meal/api/src/models/customer.model.js":{"path":"/Users/user1/Desktop/personal/book-a-meal/api/src/models/customer.model.js","statementMap":{"0":{"start":{"line":3,"column":0},"end":{"line":5,"column":3}},"1":{"start":{"line":6,"column":0},"end":{"line":6,"column":25}},"2":{"start":{"line":8,"column":17},"end":{"line":8,"column":61}},"3":{"start":{"line":10,"column":16},"end":{"line":10,"column":68}},"4":{"start":{"line":12,"column":39},"end":{"line":12,"column":93}},"5":{"start":{"line":14,"column":15},"end":{"line":40,"column":2}},"6":{"start":{"line":42,"column":15},"end":{"line":42,"column":23}},"7":{"start":{"line":43,"column":0},"end":{"line":43,"column":27}}},"fnMap":{"0":{"name":"_interopRequireDefault","decl":{"start":{"line":12,"column":9},"end":{"line":12,"column":31}},"loc":{"start":{"line":12,"column":37},"end":{"line":12,"column":95}},"line":12}},"branchMap":{"0":{"loc":{"start":{"line":12,"column":46},"end":{"line":12,"column":92}},"type":"cond-expr","locations":[{"start":{"line":12,"column":70},"end":{"line":12,"column":73}},{"start":{"line":12,"column":76},"end":{"line":12,"column":92}}],"line":12},"1":{"loc":{"start":{"line":12,"column":46},"end":{"line":12,"column":67}},"type":"binary-expr","locations":[{"start":{"line":12,"column":46},"end":{"line":12,"column":49}},{"start":{"line":12,"column":53},"end":{"line":12,"column":67}}],"line":12}},"s":{"0":1,"1":1,"2":1,"3":1,"4":2,"5":1,"6":1,"7":1},"f":{"0":2},"b":{"0":[1,1],"1":[2,2]},"_coverageSchema":"43e27e138ebf9cfc5966b082cf9a028302ed4184","hash":"f69163ed228ff4c01ecb64ac6c3fe0e1d8df4618","contentHash":"cfe9c7c93f2a9ed412bffb62b13ae83294fad02207394993c17423ab46511cd7"},"/Users/user1/Desktop/personal/book-a-meal/api/src/models/caterer.model.js":{"path":"/Users/user1/Desktop/personal/book-a-meal/api/src/models/caterer.model.js","statementMap":{"0":{"start":{"line":3,"column":0},"end":{"line":5,"column":3}},"1":{"start":{"line":6,"column":0},"end":{"line":6,"column":25}},"2":{"start":{"line":8,"column":17},"end":{"line":8,"column":61}},"3":{"start":{"line":10,"column":16},"end":{"line":10,"column":68}},"4":{"start":{"line":12,"column":39},"end":{"line":12,"column":93}},"5":{"start":{"line":14,"column":14},"end":{"line":40,"column":2}},"6":{"start":{"line":42,"column":15},"end":{"line":42,"column":22}},"7":{"start":{"line":43,"column":0},"end":{"line":43,"column":27}}},"fnMap":{"0":{"name":"_interopRequireDefault","decl":{"start":{"line":12,"column":9},"end":{"line":12,"column":31}},"loc":{"start":{"line":12,"column":37},"end":{"line":12,"column":95}},"line":12}},"branchMap":{"0":{"loc":{"start":{"line":12,"column":46},"end":{"line":12,"column":92}},"type":"cond-expr","locations":[{"start":{"line":12,"column":70},"end":{"line":12,"column":73}},{"start":{"line":12,"column":76},"end":{"line":12,"column":92}}],"line":12},"1":{"loc":{"start":{"line":12,"column":46},"end":{"line":12,"column":67}},"type":"binary-expr","locations":[{"start":{"line":12,"column":46},"end":{"line":12,"column":49}},{"start":{"line":12,"column":53},"end":{"line":12,"column":67}}],"line":12}},"s":{"0":1,"1":1,"2":1,"3":1,"4":2,"5":1,"6":1,"7":1},"f":{"0":2},"b":{"0":[1,1],"1":[2,2]},"_coverageSchema":"43e27e138ebf9cfc5966b082cf9a028302ed4184","hash":"c0f5da96beffe17ab9d5225730e6dc34b14395f2","contentHash":"d687253c37b40e5442d06b1781804ff38096e23585bcb4fe649d2811553ec5eb"},"/Users/user1/Desktop/personal/book-a-meal/api/src/models/meal.model.js":{"path":"/Users/user1/Desktop/personal/book-a-meal/api/src/models/meal.model.js","statementMap":{"0":{"start":{"line":3,"column":0},"end":{"line":5,"column":3}},"1":{"start":{"line":6,"column":0},"end":{"line":6,"column":25}},"2":{"start":{"line":8,"column":17},"end":{"line":8,"column":61}},"3":{"start":{"line":10,"column":16},"end":{"line":10,"column":68}},"4":{"start":{"line":12,"column":39},"end":{"line":12,"column":93}},"5":{"start":{"line":14,"column":11},"end":{"line":43,"column":2}},"6":{"start":{"line":45,"column":15},"end":{"line":45,"column":19}},"7":{"start":{"line":46,"column":0},"end":{"line":46,"column":27}}},"fnMap":{"0":{"name":"_interopRequireDefault","decl":{"start":{"line":12,"column":9},"end":{"line":12,"column":31}},"loc":{"start":{"line":12,"column":37},"end":{"line":12,"column":95}},"line":12}},"branchMap":{"0":{"loc":{"start":{"line":12,"column":46},"end":{"line":12,"column":92}},"type":"cond-expr","locations":[{"start":{"line":12,"column":70},"end":{"line":12,"column":73}},{"start":{"line":12,"column":76},"end":{"line":12,"column":92}}],"line":12},"1":{"loc":{"start":{"line":12,"column":46},"end":{"line":12,"column":67}},"type":"binary-expr","locations":[{"start":{"line":12,"column":46},"end":{"line":12,"column":49}},{"start":{"line":12,"column":53},"end":{"line":12,"column":67}}],"line":12}},"s":{"0":1,"1":1,"2":1,"3":1,"4":2,"5":1,"6":1,"7":1},"f":{"0":2},"b":{"0":[1,1],"1":[2,2]},"_coverageSchema":"43e27e138ebf9cfc5966b082cf9a028302ed4184","hash":"660e753cb214875ba407399915fedf8c4f8c3204","contentHash":"7158821ccbf4077147c9d6af3fab23fac1f03c8a4e5e0ee426584cdc59218e85"},"/Users/user1/Desktop/personal/book-a-meal/api/src/models/menu.model.js":{"path":"/Users/user1/Desktop/personal/book-a-meal/api/src/models/menu.model.js","statementMap":{"0":{"start":{"line":3,"column":0},"end":{"line":5,"column":3}},"1":{"start":{"line":6,"column":0},"end":{"line":6,"column":25}},"2":{"start":{"line":8,"column":17},"end":{"line":8,"column":61}},"3":{"start":{"line":10,"column":16},"end":{"line":10,"column":68}},"4":{"start":{"line":12,"column":39},"end":{"line":12,"column":93}},"5":{"start":{"line":14,"column":11},"end":{"line":27,"column":2}},"6":{"start":{"line":29,"column":15},"end":{"line":29,"column":19}},"7":{"start":{"line":30,"column":0},"end":{"line":30,"column":27}}},"fnMap":{"0":{"name":"_interopRequireDefault","decl":{"start":{"line":12,"column":9},"end":{"line":12,"column":31}},"loc":{"start":{"line":12,"column":37},"end":{"line":12,"column":95}},"line":12}},"branchMap":{"0":{"loc":{"start":{"line":12,"column":46},"end":{"line":12,"column":92}},"type":"cond-expr","locations":[{"start":{"line":12,"column":70},"end":{"line":12,"column":73}},{"start":{"line":12,"column":76},"end":{"line":12,"column":92}}],"line":12},"1":{"loc":{"start":{"line":12,"column":46},"end":{"line":12,"column":67}},"type":"binary-expr","locations":[{"start":{"line":12,"column":46},"end":{"line":12,"column":49}},{"start":{"line":12,"column":53},"end":{"line":12,"column":67}}],"line":12}},"s":{"0":1,"1":1,"2":1,"3":1,"4":2,"5":1,"6":1,"7":1},"f":{"0":2},"b":{"0":[1,1],"1":[2,2]},"_coverageSchema":"43e27e138ebf9cfc5966b082cf9a028302ed4184","hash":"731418b044ad3186de175ac260cbabf83a60bc1f","contentHash":"1e8ed5a658fa1595a12f3eedcf849dbc145eb24df4817649cb88ea6665bf8d0f"},"/Users/user1/Desktop/personal/book-a-meal/api/src/models/order.model.js":{"path":"/Users/user1/Desktop/personal/book-a-meal/api/src/models/order.model.js","statementMap":{"0":{"start":{"line":3,"column":0},"end":{"line":5,"column":3}},"1":{"start":{"line":6,"column":0},"end":{"line":6,"column":25}},"2":{"start":{"line":8,"column":17},"end":{"line":8,"column":61}},"3":{"start":{"line":10,"column":16},"end":{"line":10,"column":68}},"4":{"start":{"line":12,"column":39},"end":{"line":12,"column":93}},"5":{"start":{"line":14,"column":16},"end":{"line":39,"column":2}},"6":{"start":{"line":41,"column":15},"end":{"line":41,"column":24}},"7":{"start":{"line":42,"column":0},"end":{"line":42,"column":27}}},"fnMap":{"0":{"name":"_interopRequireDefault","decl":{"start":{"line":12,"column":9},"end":{"line":12,"column":31}},"loc":{"start":{"line":12,"column":37},"end":{"line":12,"column":95}},"line":12}},"branchMap":{"0":{"loc":{"start":{"line":12,"column":46},"end":{"line":12,"column":92}},"type":"cond-expr","locations":[{"start":{"line":12,"column":70},"end":{"line":12,"column":73}},{"start":{"line":12,"column":76},"end":{"line":12,"column":92}}],"line":12},"1":{"loc":{"start":{"line":12,"column":46},"end":{"line":12,"column":67}},"type":"binary-expr","locations":[{"start":{"line":12,"column":46},"end":{"line":12,"column":49}},{"start":{"line":12,"column":53},"end":{"line":12,"column":67}}],"line":12}},"s":{"0":1,"1":1,"2":1,"3":1,"4":2,"5":1,"6":1,"7":1},"f":{"0":2},"b":{"0":[1,1],"1":[2,2]},"_coverageSchema":"43e27e138ebf9cfc5966b082cf9a028302ed4184","hash":"6610514e30615a80e7521b4d75b03792370eaa5b","contentHash":"a3568e64f6209df48bcf1ec7f3095c4d8004f8f7eb2fb2d6f5f0e4eb453dbbb3"},"/Users/user1/Desktop/personal/book-a-meal/api/src/models/category.model.js":{"path":"/Users/user1/Desktop/personal/book-a-meal/api/src/models/category.model.js","statementMap":{"0":{"start":{"line":3,"column":0},"end":{"line":5,"column":3}},"1":{"start":{"line":6,"column":0},"end":{"line":6,"column":25}},"2":{"start":{"line":8,"column":17},"end":{"line":8,"column":61}},"3":{"start":{"line":10,"column":16},"end":{"line":10,"column":68}},"4":{"start":{"line":12,"column":39},"end":{"line":12,"column":93}},"5":{"start":{"line":14,"column":15},"end":{"line":31,"column":2}},"6":{"start":{"line":33,"column":15},"end":{"line":33,"column":23}},"7":{"start":{"line":34,"column":0},"end":{"line":34,"column":27}}},"fnMap":{"0":{"name":"_interopRequireDefault","decl":{"start":{"line":12,"column":9},"end":{"line":12,"column":31}},"loc":{"start":{"line":12,"column":37},"end":{"line":12,"column":95}},"line":12}},"branchMap":{"0":{"loc":{"start":{"line":12,"column":46},"end":{"line":12,"column":92}},"type":"cond-expr","locations":[{"start":{"line":12,"column":70},"end":{"line":12,"column":73}},{"start":{"line":12,"column":76},"end":{"line":12,"column":92}}],"line":12},"1":{"loc":{"start":{"line":12,"column":46},"end":{"line":12,"column":67}},"type":"binary-expr","locations":[{"start":{"line":12,"column":46},"end":{"line":12,"column":49}},{"start":{"line":12,"column":53},"end":{"line":12,"column":67}}],"line":12}},"s":{"0":1,"1":1,"2":1,"3":1,"4":2,"5":1,"6":1,"7":1},"f":{"0":2},"b":{"0":[1,1],"1":[2,2]},"_coverageSchema":"43e27e138ebf9cfc5966b082cf9a028302ed4184","hash":"ebbec49953f9458fd0d1e67f5c728780df2db2d6","contentHash":"2efae3c63a4875295db5c03075c9945e9cb142ce69f2f7bc89265d1c6f00a686"},"/Users/user1/Desktop/personal/book-a-meal/api/src/routes/meal.routes.js":{"path":"/Users/user1/Desktop/personal/book-a-meal/api/src/routes/meal.routes.js","statementMap":{"0":{"start":{"line":3,"column":0},"end":{"line":5,"column":3}},"1":{"start":{"line":6,"column":0},"end":{"line":6,"column":25}},"2":{"start":{"line":8,"column":15},"end":{"line":8,"column":33}},"3":{"start":{"line":10,"column":12},"end":{"line":10,"column":77}},"4":{"start":{"line":12,"column":22},"end":{"line":12,"column":86}},"5":{"start":{"line":14,"column":39},"end":{"line":14,"column":93}},"6":{"start":{"line":17,"column":13},"end":{"line":17,"column":35}},"7":{"start":{"line":18,"column":0},"end":{"line":18,"column":87}},"8":{"start":{"line":19,"column":0},"end":{"line":19,"column":90}},"9":{"start":{"line":20,"column":0},"end":{"line":20,"column":83}},"10":{"start":{"line":21,"column":0},"end":{"line":21,"column":87}},"11":{"start":{"line":22,"column":0},"end":{"line":22,"column":96}},"12":{"start":{"line":23,"column":15},"end":{"line":23,"column":21}},"13":{"start":{"line":24,"column":0},"end":{"line":24,"column":27}}},"fnMap":{"0":{"name":"_interopRequireDefault","decl":{"start":{"line":14,"column":9},"end":{"line":14,"column":31}},"loc":{"start":{"line":14,"column":37},"end":{"line":14,"column":95}},"line":14}},"branchMap":{"0":{"loc":{"start":{"line":14,"column":46},"end":{"line":14,"column":92}},"type":"cond-expr","locations":[{"start":{"line":14,"column":70},"end":{"line":14,"column":73}},{"start":{"line":14,"column":76},"end":{"line":14,"column":92}}],"line":14},"1":{"loc":{"start":{"line":14,"column":46},"end":{"line":14,"column":67}},"type":"binary-expr","locations":[{"start":{"line":14,"column":46},"end":{"line":14,"column":49}},{"start":{"line":14,"column":53},"end":{"line":14,"column":67}}],"line":14}},"s":{"0":1,"1":1,"2":1,"3":1,"4":1,"5":2,"6":1,"7":1,"8":1,"9":1,"10":1,"11":1,"12":1,"13":1},"f":{"0":2},"b":{"0":[2,0],"1":[2,2]},"_coverageSchema":"43e27e138ebf9cfc5966b082cf9a028302ed4184","hash":"46dc54e118e07c250a855c11b68463eca3b7eea1","contentHash":"161e33afebd7b963bbb05301f035ce4c43d8cba92799d86ecf6d2d31e6b373a2"},"/Users/user1/Desktop/personal/book-a-meal/api/src/controllers/meal.controller.js":{"path":"/Users/user1/Desktop/personal/book-a-meal/api/src/controllers/meal.controller.js","statementMap":{"0":{"start":{"line":3,"column":0},"end":{"line":5,"column":3}},"1":{"start":{"line":6,"column":0},"end":{"line":6,"column":25}},"2":{"start":{"line":8,"column":12},"end":{"line":8,"column":51}},"3":{"start":{"line":10,"column":10},"end":{"line":10,"column":47}},"4":{"start":{"line":12,"column":12},"end":{"line":12,"column":67}},"5":{"start":{"line":14,"column":16},"end":{"line":14,"column":75}},"6":{"start":{"line":16,"column":39},"end":{"line":16,"column":93}},"7":{"start":{"line":18,"column":33},"end":{"line":18,"column":464}},"8":{"start":{"line":18,"column":46},"end":{"line":18,"column":47}},"9":{"start":{"line":18,"column":91},"end":{"line":18,"column":131}},"10":{"start":{"line":18,"column":147},"end":{"line":18,"column":166}},"11":{"start":{"line":18,"column":168},"end":{"line":18,"column":382}},"12":{"start":{"line":18,"column":226},"end":{"line":18,"column":380}},"13":{"start":{"line":18,"column":312},"end":{"line":18,"column":375}},"14":{"start":{"line":18,"column":383},"end":{"line":18,"column":462}},"15":{"start":{"line":18,"column":416},"end":{"line":18,"column":458}},"16":{"start":{"line":18,"column":465},"end":{"line":18,"column":479}},"17":{"start":{"line":20,"column":44},"end":{"line":20,"column":195}},"18":{"start":{"line":20,"column":62},"end":{"line":20,"column":166}},"19":{"start":{"line":20,"column":176},"end":{"line":20,"column":193}},"20":{"start":{"line":20,"column":196},"end":{"line":20,"column":207}},"21":{"start":{"line":22,"column":24},"end":{"line":22,"column":328}},"22":{"start":{"line":22,"column":99},"end":{"line":22,"column":154}},"23":{"start":{"line":22,"column":133},"end":{"line":22,"column":151}},"24":{"start":{"line":22,"column":164},"end":{"line":22,"column":326}},"25":{"start":{"line":22,"column":198},"end":{"line":22,"column":323}},"26":{"start":{"line":22,"column":329},"end":{"line":22,"column":349}},"27":{"start":{"line":24,"column":77},"end":{"line":24,"column":175}},"28":{"start":{"line":24,"column":94},"end":{"line":24,"column":107}},"29":{"start":{"line":24,"column":121},"end":{"line":24,"column":131}},"30":{"start":{"line":24,"column":151},"end":{"line":24,"column":165}},"31":{"start":{"line":24,"column":166},"end":{"line":24,"column":173}},"32":{"start":{"line":24,"column":176},"end":{"line":24,"column":263}},"33":{"start":{"line":24,"column":193},"end":{"line":24,"column":208}},"34":{"start":{"line":24,"column":218},"end":{"line":24,"column":261}},"35":{"start":{"line":26,"column":33},"end":{"line":26,"column":387}},"36":{"start":{"line":26,"column":65},"end":{"line":26,"column":69}},"37":{"start":{"line":26,"column":78},"end":{"line":26,"column":87}},"38":{"start":{"line":26,"column":89},"end":{"line":26,"column":384}},"39":{"start":{"line":26,"column":147},"end":{"line":26,"column":167}},"40":{"start":{"line":26,"column":193},"end":{"line":26,"column":264}},"41":{"start":{"line":26,"column":290},"end":{"line":26,"column":360}},"42":{"start":{"line":26,"column":363},"end":{"line":26,"column":380}},"43":{"start":{"line":28,"column":50},"end":{"line":28,"column":151}},"44":{"start":{"line":28,"column":92},"end":{"line":28,"column":149}},"45":{"start":{"line":30,"column":44},"end":{"line":30,"column":315}},"46":{"start":{"line":30,"column":57},"end":{"line":30,"column":58}},"47":{"start":{"line":30,"column":102},"end":{"line":30,"column":110}},"48":{"start":{"line":30,"column":112},"end":{"line":30,"column":167}},"49":{"start":{"line":30,"column":168},"end":{"line":30,"column":199}},"50":{"start":{"line":30,"column":200},"end":{"line":30,"column":254}},"51":{"start":{"line":30,"column":227},"end":{"line":30,"column":254}},"52":{"start":{"line":30,"column":255},"end":{"line":30,"column":313}},"53":{"start":{"line":32,"column":62},"end":{"line":32,"column":131}},"54":{"start":{"line":32,"column":78},"end":{"line":32,"column":131}},"55":{"start":{"line":32,"column":132},"end":{"line":32,"column":193}},"56":{"start":{"line":32,"column":149},"end":{"line":32,"column":193}},"57":{"start":{"line":32,"column":194},"end":{"line":32,"column":213}},"58":{"start":{"line":36,"column":0},"end":{"line":546,"column":3}},"59":{"start":{"line":38,"column":4},"end":{"line":38,"column":42}},"60":{"start":{"line":41,"column":2},"end":{"line":543,"column":6}},"61":{"start":{"line":51,"column":27},"end":{"line":108,"column":9}},"62":{"start":{"line":55,"column":8},"end":{"line":107,"column":37}},"63":{"start":{"line":56,"column":10},"end":{"line":106,"column":11}},"64":{"start":{"line":57,"column":12},"end":{"line":105,"column":13}},"65":{"start":{"line":59,"column":16},"end":{"line":59,"column":34}},"66":{"start":{"line":60,"column":16},"end":{"line":60,"column":34}},"67":{"start":{"line":61,"column":16},"end":{"line":61,"column":47}},"68":{"start":{"line":64,"column":16},"end":{"line":64,"column":38}},"69":{"start":{"line":66,"column":16},"end":{"line":69,"column":17}},"70":{"start":{"line":67,"column":18},"end":{"line":67,"column":36}},"71":{"start":{"line":68,"column":18},"end":{"line":68,"column":24}},"72":{"start":{"line":71,"column":16},"end":{"line":71,"column":53}},"73":{"start":{"line":75,"column":16},"end":{"line":75,"column":77}},"74":{"start":{"line":77,"column":16},"end":{"line":88,"column":19}},"75":{"start":{"line":78,"column":29},"end":{"line":78,"column":78}},"76":{"start":{"line":80,"column":32},"end":{"line":80,"column":55}},"77":{"start":{"line":81,"column":29},"end":{"line":86,"column":19}},"78":{"start":{"line":87,"column":18},"end":{"line":87,"column":30}},"79":{"start":{"line":89,"column":16},"end":{"line":92,"column":20}},"80":{"start":{"line":95,"column":16},"end":{"line":95,"column":35}},"81":{"start":{"line":96,"column":16},"end":{"line":96,"column":51}},"82":{"start":{"line":97,"column":16},"end":{"line":100,"column":20}},"83":{"start":{"line":104,"column":16},"end":{"line":104,"column":39}},"84":{"start":{"line":111,"column":8},"end":{"line":111,"column":53}},"85":{"start":{"line":114,"column":6},"end":{"line":114,"column":27}},"86":{"start":{"line":126,"column":22},"end":{"line":248,"column":9}},"87":{"start":{"line":131,"column":8},"end":{"line":247,"column":38}},"88":{"start":{"line":132,"column":10},"end":{"line":246,"column":11}},"89":{"start":{"line":133,"column":12},"end":{"line":245,"column":13}},"90":{"start":{"line":135,"column":16},"end":{"line":135,"column":35}},"91":{"start":{"line":136,"column":16},"end":{"line":136,"column":151}},"92":{"start":{"line":137,"column":16},"end":{"line":137,"column":71}},"93":{"start":{"line":138,"column":16},"end":{"line":138,"column":35}},"94":{"start":{"line":139,"column":16},"end":{"line":139,"column":62}},"95":{"start":{"line":142,"column":16},"end":{"line":142,"column":42}},"96":{"start":{"line":144,"column":16},"end":{"line":147,"column":17}},"97":{"start":{"line":145,"column":18},"end":{"line":145,"column":37}},"98":{"start":{"line":146,"column":18},"end":{"line":146,"column":24}},"99":{"start":{"line":149,"column":16},"end":{"line":149,"column":67}},"100":{"start":{"line":152,"column":16},"end":{"line":152,"column":36}},"101":{"start":{"line":153,"column":16},"end":{"line":157,"column":19}},"102":{"start":{"line":160,"column":16},"end":{"line":160,"column":43}},"103":{"start":{"line":162,"column":16},"end":{"line":165,"column":17}},"104":{"start":{"line":163,"column":18},"end":{"line":163,"column":38}},"105":{"start":{"line":164,"column":18},"end":{"line":164,"column":24}},"106":{"start":{"line":167,"column":16},"end":{"line":167,"column":59}},"107":{"start":{"line":170,"column":16},"end":{"line":170,"column":36}},"108":{"start":{"line":171,"column":16},"end":{"line":175,"column":19}},"109":{"start":{"line":178,"column":16},"end":{"line":178,"column":44}},"110":{"start":{"line":180,"column":16},"end":{"line":183,"column":17}},"111":{"start":{"line":181,"column":18},"end":{"line":181,"column":38}},"112":{"start":{"line":182,"column":18},"end":{"line":182,"column":24}},"113":{"start":{"line":185,"column":16},"end":{"line":185,"column":72}},"114":{"start":{"line":190,"column":16},"end":{"line":190,"column":77}},"115":{"start":{"line":191,"column":16},"end":{"line":191,"column":76}},"116":{"start":{"line":192,"column":16},"end":{"line":192,"column":40}},"117":{"start":{"line":194,"column":16},"end":{"line":197,"column":17}},"118":{"start":{"line":195,"column":18},"end":{"line":195,"column":38}},"119":{"start":{"line":196,"column":18},"end":{"line":196,"column":24}},"120":{"start":{"line":199,"column":16},"end":{"line":199,"column":58}},"121":{"start":{"line":203,"column":16},"end":{"line":203,"column":77}},"122":{"start":{"line":204,"column":16},"end":{"line":204,"column":50}},"123":{"start":{"line":206,"column":16},"end":{"line":210,"column":19}},"124":{"start":{"line":207,"column":18},"end":{"line":209,"column":19}},"125":{"start":{"line":208,"column":20},"end":{"line":208,"column":41}},"126":{"start":{"line":212,"column":16},"end":{"line":212,"column":36}},"127":{"start":{"line":213,"column":16},"end":{"line":219,"column":19}},"128":{"start":{"line":222,"column":16},"end":{"line":222,"column":38}},"129":{"start":{"line":223,"column":16},"end":{"line":232,"column":20}},"130":{"start":{"line":235,"column":16},"end":{"line":235,"column":36}},"131":{"start":{"line":236,"column":16},"end":{"line":236,"column":53}},"132":{"start":{"line":237,"column":16},"end":{"line":240,"column":20}},"133":{"start":{"line":244,"column":16},"end":{"line":244,"column":40}},"134":{"start":{"line":251,"column":8},"end":{"line":251,"column":48}},"135":{"start":{"line":254,"column":6},"end":{"line":254,"column":22}},"136":{"start":{"line":266,"column":27},"end":{"line":319,"column":9}},"137":{"start":{"line":270,"column":8},"end":{"line":318,"column":38}},"138":{"start":{"line":271,"column":10},"end":{"line":317,"column":11}},"139":{"start":{"line":272,"column":12},"end":{"line":316,"column":13}},"140":{"start":{"line":274,"column":16},"end":{"line":274,"column":35}},"141":{"start":{"line":275,"column":16},"end":{"line":275,"column":35}},"142":{"start":{"line":276,"column":16},"end":{"line":276,"column":35}},"143":{"start":{"line":277,"column":16},"end":{"line":277,"column":50}},"144":{"start":{"line":280,"column":16},"end":{"line":280,"column":38}},"145":{"start":{"line":282,"column":16},"end":{"line":285,"column":17}},"146":{"start":{"line":283,"column":18},"end":{"line":283,"column":37}},"147":{"start":{"line":284,"column":18},"end":{"line":284,"column":24}},"148":{"start":{"line":287,"column":16},"end":{"line":287,"column":60}},"149":{"start":{"line":290,"column":16},"end":{"line":290,"column":77}},"150":{"start":{"line":291,"column":16},"end":{"line":291,"column":73}},"151":{"start":{"line":292,"column":16},"end":{"line":292,"column":50}},"152":{"start":{"line":293,"column":16},"end":{"line":298,"column":18}},"153":{"start":{"line":299,"column":16},"end":{"line":303,"column":20}},"154":{"start":{"line":306,"column":16},"end":{"line":306,"column":36}},"155":{"start":{"line":307,"column":16},"end":{"line":307,"column":53}},"156":{"start":{"line":308,"column":16},"end":{"line":311,"column":20}},"157":{"start":{"line":315,"column":16},"end":{"line":315,"column":40}},"158":{"start":{"line":322,"column":8},"end":{"line":322,"column":53}},"159":{"start":{"line":325,"column":6},"end":{"line":325,"column":27}},"160":{"start":{"line":337,"column":24},"end":{"line":445,"column":9}},"161":{"start":{"line":341,"column":8},"end":{"line":444,"column":38}},"162":{"start":{"line":342,"column":10},"end":{"line":443,"column":11}},"163":{"start":{"line":343,"column":12},"end":{"line":442,"column":13}},"164":{"start":{"line":345,"column":16},"end":{"line":345,"column":35}},"165":{"start":{"line":346,"column":16},"end":{"line":346,"column":35}},"166":{"start":{"line":347,"column":16},"end":{"line":347,"column":51}},"167":{"start":{"line":348,"column":16},"end":{"line":348,"column":35}},"168":{"start":{"line":349,"column":16},"end":{"line":349,"column":50}},"169":{"start":{"line":352,"column":16},"end":{"line":352,"column":38}},"170":{"start":{"line":354,"column":16},"end":{"line":357,"column":17}},"171":{"start":{"line":355,"column":18},"end":{"line":355,"column":37}},"172":{"start":{"line":356,"column":18},"end":{"line":356,"column":24}},"173":{"start":{"line":359,"column":16},"end":{"line":359,"column":64}},"174":{"start":{"line":362,"column":16},"end":{"line":367,"column":18}},"175":{"start":{"line":368,"column":16},"end":{"line":368,"column":109}},"176":{"start":{"line":369,"column":16},"end":{"line":369,"column":48}},"177":{"start":{"line":371,"column":16},"end":{"line":400,"column":17}},"178":{"start":{"line":375,"column":18},"end":{"line":375,"column":79}},"179":{"start":{"line":377,"column":18},"end":{"line":399,"column":21}},"180":{"start":{"line":378,"column":20},"end":{"line":380,"column":21}},"181":{"start":{"line":379,"column":22},"end":{"line":379,"column":67}},"182":{"start":{"line":382,"column":34},"end":{"line":382,"column":93}},"183":{"start":{"line":383,"column":35},"end":{"line":383,"column":47}},"184":{"start":{"line":385,"column":20},"end":{"line":388,"column":21}},"185":{"start":{"line":386,"column":22},"end":{"line":386,"column":73}},"186":{"start":{"line":391,"column":31},"end":{"line":391,"column":89}},"187":{"start":{"line":392,"column":30},"end":{"line":392,"column":57}},"188":{"start":{"line":394,"column":20},"end":{"line":398,"column":23}},"189":{"start":{"line":395,"column":22},"end":{"line":397,"column":23}},"190":{"start":{"line":396,"column":24},"end":{"line":396,"column":69}},"191":{"start":{"line":402,"column":16},"end":{"line":402,"column":36}},"192":{"start":{"line":403,"column":16},"end":{"line":411,"column":19}},"193":{"start":{"line":414,"column":16},"end":{"line":414,"column":45}},"194":{"start":{"line":416,"column":16},"end":{"line":419,"column":17}},"195":{"start":{"line":417,"column":18},"end":{"line":417,"column":38}},"196":{"start":{"line":418,"column":18},"end":{"line":418,"column":24}},"197":{"start":{"line":421,"column":16},"end":{"line":421,"column":62}},"198":{"start":{"line":424,"column":16},"end":{"line":424,"column":53}},"199":{"start":{"line":425,"column":16},"end":{"line":429,"column":20}},"200":{"start":{"line":432,"column":16},"end":{"line":432,"column":36}},"201":{"start":{"line":433,"column":16},"end":{"line":433,"column":53}},"202":{"start":{"line":434,"column":16},"end":{"line":437,"column":20}},"203":{"start":{"line":441,"column":16},"end":{"line":441,"column":40}},"204":{"start":{"line":448,"column":8},"end":{"line":448,"column":50}},"205":{"start":{"line":451,"column":6},"end":{"line":451,"column":24}},"206":{"start":{"line":463,"column":30},"end":{"line":535,"column":9}},"207":{"start":{"line":467,"column":8},"end":{"line":534,"column":38}},"208":{"start":{"line":468,"column":10},"end":{"line":533,"column":11}},"209":{"start":{"line":469,"column":12},"end":{"line":532,"column":13}},"210":{"start":{"line":471,"column":16},"end":{"line":471,"column":35}},"211":{"start":{"line":472,"column":16},"end":{"line":472,"column":35}},"212":{"start":{"line":473,"column":16},"end":{"line":473,"column":32}},"213":{"start":{"line":474,"column":16},"end":{"line":474,"column":35}},"214":{"start":{"line":475,"column":16},"end":{"line":475,"column":50}},"215":{"start":{"line":478,"column":16},"end":{"line":478,"column":43}},"216":{"start":{"line":480,"column":16},"end":{"line":483,"column":17}},"217":{"start":{"line":481,"column":18},"end":{"line":481,"column":37}},"218":{"start":{"line":482,"column":18},"end":{"line":482,"column":24}},"219":{"start":{"line":485,"column":16},"end":{"line":485,"column":69}},"220":{"start":{"line":490,"column":16},"end":{"line":490,"column":77}},"221":{"start":{"line":492,"column":16},"end":{"line":496,"column":19}},"222":{"start":{"line":493,"column":18},"end":{"line":495,"column":19}},"223":{"start":{"line":494,"column":20},"end":{"line":494,"column":75}},"224":{"start":{"line":498,"column":16},"end":{"line":498,"column":36}},"225":{"start":{"line":499,"column":16},"end":{"line":503,"column":19}},"226":{"start":{"line":506,"column":16},"end":{"line":506,"column":38}},"227":{"start":{"line":508,"column":16},"end":{"line":511,"column":17}},"228":{"start":{"line":509,"column":18},"end":{"line":509,"column":38}},"229":{"start":{"line":510,"column":18},"end":{"line":510,"column":24}},"230":{"start":{"line":513,"column":16},"end":{"line":513,"column":71}},"231":{"start":{"line":516,"column":16},"end":{"line":519,"column":20}},"232":{"start":{"line":522,"column":16},"end":{"line":522,"column":36}},"233":{"start":{"line":523,"column":16},"end":{"line":523,"column":53}},"234":{"start":{"line":524,"column":16},"end":{"line":527,"column":20}},"235":{"start":{"line":531,"column":16},"end":{"line":531,"column":40}},"236":{"start":{"line":538,"column":8},"end":{"line":538,"column":56}},"237":{"start":{"line":541,"column":6},"end":{"line":541,"column":30}},"238":{"start":{"line":545,"column":2},"end":{"line":545,"column":24}},"239":{"start":{"line":548,"column":15},"end":{"line":548,"column":29}},"240":{"start":{"line":549,"column":0},"end":{"line":549,"column":27}}},"fnMap":{"0":{"name":"_interopRequireDefault","decl":{"start":{"line":16,"column":9},"end":{"line":16,"column":31}},"loc":{"start":{"line":16,"column":37},"end":{"line":16,"column":95}},"line":16},"1":{"name":"_objectSpread","decl":{"start":{"line":18,"column":9},"end":{"line":18,"column":22}},"loc":{"start":{"line":18,"column":31},"end":{"line":18,"column":481}},"line":18},"2":{"name":"(anonymous_2)","decl":{"start":{"line":18,"column":295},"end":{"line":18,"column":296}},"loc":{"start":{"line":18,"column":310},"end":{"line":18,"column":377}},"line":18},"3":{"name":"(anonymous_3)","decl":{"start":{"line":18,"column":399},"end":{"line":18,"column":400}},"loc":{"start":{"line":18,"column":414},"end":{"line":18,"column":460}},"line":18},"4":{"name":"_defineProperty","decl":{"start":{"line":20,"column":9},"end":{"line":20,"column":24}},"loc":{"start":{"line":20,"column":42},"end":{"line":20,"column":209}},"line":20},"5":{"name":"_typeof","decl":{"start":{"line":22,"column":9},"end":{"line":22,"column":16}},"loc":{"start":{"line":22,"column":22},"end":{"line":22,"column":351}},"line":22},"6":{"name":"_typeof","decl":{"start":{"line":22,"column":118},"end":{"line":22,"column":125}},"loc":{"start":{"line":22,"column":131},"end":{"line":22,"column":153}},"line":22},"7":{"name":"_typeof","decl":{"start":{"line":22,"column":183},"end":{"line":22,"column":190}},"loc":{"start":{"line":22,"column":196},"end":{"line":22,"column":325}},"line":22},"8":{"name":"asyncGeneratorStep","decl":{"start":{"line":24,"column":9},"end":{"line":24,"column":27}},"loc":{"start":{"line":24,"column":75},"end":{"line":24,"column":265}},"line":24},"9":{"name":"_asyncToGenerator","decl":{"start":{"line":26,"column":9},"end":{"line":26,"column":26}},"loc":{"start":{"line":26,"column":31},"end":{"line":26,"column":389}},"line":26},"10":{"name":"(anonymous_10)","decl":{"start":{"line":26,"column":40},"end":{"line":26,"column":41}},"loc":{"start":{"line":26,"column":52},"end":{"line":26,"column":386}},"line":26},"11":{"name":"(anonymous_11)","decl":{"start":{"line":26,"column":108},"end":{"line":26,"column":109}},"loc":{"start":{"line":26,"column":135},"end":{"line":26,"column":382}},"line":26},"12":{"name":"_next","decl":{"start":{"line":26,"column":178},"end":{"line":26,"column":183}},"loc":{"start":{"line":26,"column":191},"end":{"line":26,"column":266}},"line":26},"13":{"name":"_throw","decl":{"start":{"line":26,"column":276},"end":{"line":26,"column":282}},"loc":{"start":{"line":26,"column":288},"end":{"line":26,"column":362}},"line":26},"14":{"name":"_classCallCheck","decl":{"start":{"line":28,"column":9},"end":{"line":28,"column":24}},"loc":{"start":{"line":28,"column":48},"end":{"line":28,"column":153}},"line":28},"15":{"name":"_defineProperties","decl":{"start":{"line":30,"column":9},"end":{"line":30,"column":26}},"loc":{"start":{"line":30,"column":42},"end":{"line":30,"column":317}},"line":30},"16":{"name":"_createClass","decl":{"start":{"line":32,"column":9},"end":{"line":32,"column":21}},"loc":{"start":{"line":32,"column":60},"end":{"line":32,"column":215}},"line":32},"17":{"name":"(anonymous_17)","decl":{"start":{"line":36,"column":0},"end":{"line":36,"column":1}},"loc":{"start":{"line":36,"column":12},"end":{"line":546,"column":1}},"line":36},"18":{"name":"MealController","decl":{"start":{"line":37,"column":11},"end":{"line":37,"column":25}},"loc":{"start":{"line":37,"column":28},"end":{"line":39,"column":3}},"line":37},"19":{"name":"(anonymous_19)","decl":{"start":{"line":50,"column":11},"end":{"line":50,"column":12}},"loc":{"start":{"line":50,"column":23},"end":{"line":115,"column":5}},"line":50},"20":{"name":"_callee","decl":{"start":{"line":53,"column":39},"end":{"line":53,"column":46}},"loc":{"start":{"line":53,"column":57},"end":{"line":108,"column":7}},"line":53},"21":{"name":"_callee$","decl":{"start":{"line":55,"column":48},"end":{"line":55,"column":56}},"loc":{"start":{"line":55,"column":67},"end":{"line":107,"column":9}},"line":55},"22":{"name":"(anonymous_22)","decl":{"start":{"line":77,"column":38},"end":{"line":77,"column":39}},"loc":{"start":{"line":77,"column":54},"end":{"line":88,"column":17}},"line":77},"23":{"name":"fetchAllMeals","decl":{"start":{"line":110,"column":15},"end":{"line":110,"column":28}},"loc":{"start":{"line":110,"column":38},"end":{"line":112,"column":7}},"line":110},"24":{"name":"(anonymous_24)","decl":{"start":{"line":125,"column":11},"end":{"line":125,"column":12}},"loc":{"start":{"line":125,"column":23},"end":{"line":255,"column":5}},"line":125},"25":{"name":"_callee2","decl":{"start":{"line":128,"column":39},"end":{"line":128,"column":47}},"loc":{"start":{"line":128,"column":58},"end":{"line":248,"column":7}},"line":128},"26":{"name":"_callee2$","decl":{"start":{"line":131,"column":48},"end":{"line":131,"column":57}},"loc":{"start":{"line":131,"column":69},"end":{"line":247,"column":9}},"line":131},"27":{"name":"(anonymous_27)","decl":{"start":{"line":206,"column":63},"end":{"line":206,"column":64}},"loc":{"start":{"line":206,"column":78},"end":{"line":210,"column":17}},"line":206},"28":{"name":"addAMeal","decl":{"start":{"line":250,"column":15},"end":{"line":250,"column":23}},"loc":{"start":{"line":250,"column":34},"end":{"line":252,"column":7}},"line":250},"29":{"name":"(anonymous_29)","decl":{"start":{"line":265,"column":11},"end":{"line":265,"column":12}},"loc":{"start":{"line":265,"column":23},"end":{"line":326,"column":5}},"line":265},"30":{"name":"_callee3","decl":{"start":{"line":268,"column":39},"end":{"line":268,"column":47}},"loc":{"start":{"line":268,"column":58},"end":{"line":319,"column":7}},"line":268},"31":{"name":"_callee3$","decl":{"start":{"line":270,"column":48},"end":{"line":270,"column":57}},"loc":{"start":{"line":270,"column":69},"end":{"line":318,"column":9}},"line":270},"32":{"name":"getSingleMeal","decl":{"start":{"line":321,"column":15},"end":{"line":321,"column":28}},"loc":{"start":{"line":321,"column":39},"end":{"line":323,"column":7}},"line":321},"33":{"name":"(anonymous_33)","decl":{"start":{"line":336,"column":11},"end":{"line":336,"column":12}},"loc":{"start":{"line":336,"column":23},"end":{"line":452,"column":5}},"line":336},"34":{"name":"_callee4","decl":{"start":{"line":339,"column":39},"end":{"line":339,"column":47}},"loc":{"start":{"line":339,"column":58},"end":{"line":445,"column":7}},"line":339},"35":{"name":"_callee4$","decl":{"start":{"line":341,"column":48},"end":{"line":341,"column":57}},"loc":{"start":{"line":341,"column":69},"end":{"line":444,"column":9}},"line":341},"36":{"name":"(anonymous_36)","decl":{"start":{"line":377,"column":62},"end":{"line":377,"column":63}},"loc":{"start":{"line":377,"column":77},"end":{"line":399,"column":19}},"line":377},"37":{"name":"(anonymous_37)","decl":{"start":{"line":394,"column":67},"end":{"line":394,"column":68}},"loc":{"start":{"line":394,"column":84},"end":{"line":398,"column":21}},"line":394},"38":{"name":"modifyMeal","decl":{"start":{"line":447,"column":15},"end":{"line":447,"column":25}},"loc":{"start":{"line":447,"column":36},"end":{"line":449,"column":7}},"line":447},"39":{"name":"(anonymous_39)","decl":{"start":{"line":462,"column":11},"end":{"line":462,"column":12}},"loc":{"start":{"line":462,"column":23},"end":{"line":542,"column":5}},"line":462},"40":{"name":"_callee5","decl":{"start":{"line":465,"column":39},"end":{"line":465,"column":47}},"loc":{"start":{"line":465,"column":58},"end":{"line":535,"column":7}},"line":465},"41":{"name":"_callee5$","decl":{"start":{"line":467,"column":48},"end":{"line":467,"column":57}},"loc":{"start":{"line":467,"column":69},"end":{"line":534,"column":9}},"line":467},"42":{"name":"(anonymous_42)","decl":{"start":{"line":492,"column":65},"end":{"line":492,"column":66}},"loc":{"start":{"line":492,"column":80},"end":{"line":496,"column":17}},"line":492},"43":{"name":"deleteSingleMeal","decl":{"start":{"line":537,"column":15},"end":{"line":537,"column":31}},"loc":{"start":{"line":537,"column":43},"end":{"line":539,"column":7}},"line":537}},"branchMap":{"0":{"loc":{"start":{"line":16,"column":46},"end":{"line":16,"column":92}},"type":"cond-expr","locations":[{"start":{"line":16,"column":70},"end":{"line":16,"column":73}},{"start":{"line":16,"column":76},"end":{"line":16,"column":92}}],"line":16},"1":{"loc":{"start":{"line":16,"column":46},"end":{"line":16,"column":67}},"type":"binary-expr","locations":[{"start":{"line":16,"column":46},"end":{"line":16,"column":49}},{"start":{"line":16,"column":53},"end":{"line":16,"column":67}}],"line":16},"2":{"loc":{"start":{"line":18,"column":91},"end":{"line":18,"column":131}},"type":"cond-expr","locations":[{"start":{"line":18,"column":114},"end":{"line":18,"column":126}},{"start":{"line":18,"column":129},"end":{"line":18,"column":131}}],"line":18},"3":{"loc":{"start":{"line":18,"column":168},"end":{"line":18,"column":382}},"type":"if","locations":[{"start":{"line":18,"column":168},"end":{"line":18,"column":382}},{"start":{"line":18,"column":168},"end":{"line":18,"column":382}}],"line":18},"4":{"loc":{"start":{"line":20,"column":44},"end":{"line":20,"column":195}},"type":"if","locations":[{"start":{"line":20,"column":44},"end":{"line":20,"column":195}},{"start":{"line":20,"column":44},"end":{"line":20,"column":195}}],"line":20},"5":{"loc":{"start":{"line":22,"column":24},"end":{"line":22,"column":328}},"type":"if","locations":[{"start":{"line":22,"column":24},"end":{"line":22,"column":328}},{"start":{"line":22,"column":24},"end":{"line":22,"column":328}}],"line":22},"6":{"loc":{"start":{"line":22,"column":28},"end":{"line":22,"column":95}},"type":"binary-expr","locations":[{"start":{"line":22,"column":28},"end":{"line":22,"column":56}},{"start":{"line":22,"column":60},"end":{"line":22,"column":95}}],"line":22},"7":{"loc":{"start":{"line":22,"column":205},"end":{"line":22,"column":322}},"type":"cond-expr","locations":[{"start":{"line":22,"column":301},"end":{"line":22,"column":309}},{"start":{"line":22,"column":312},"end":{"line":22,"column":322}}],"line":22},"8":{"loc":{"start":{"line":22,"column":205},"end":{"line":22,"column":298}},"type":"binary-expr","locations":[{"start":{"line":22,"column":205},"end":{"line":22,"column":208}},{"start":{"line":22,"column":212},"end":{"line":22,"column":240}},{"start":{"line":22,"column":244},"end":{"line":22,"column":270}},{"start":{"line":22,"column":274},"end":{"line":22,"column":298}}],"line":22},"9":{"loc":{"start":{"line":24,"column":176},"end":{"line":24,"column":263}},"type":"if","locations":[{"start":{"line":24,"column":176},"end":{"line":24,"column":263}},{"start":{"line":24,"column":176},"end":{"line":24,"column":263}}],"line":24},"10":{"loc":{"start":{"line":28,"column":50},"end":{"line":28,"column":151}},"type":"if","locations":[{"start":{"line":28,"column":50},"end":{"line":28,"column":151}},{"start":{"line":28,"column":50},"end":{"line":28,"column":151}}],"line":28},"11":{"loc":{"start":{"line":30,"column":136},"end":{"line":30,"column":166}},"type":"binary-expr","locations":[{"start":{"line":30,"column":136},"end":{"line":30,"column":157}},{"start":{"line":30,"column":161},"end":{"line":30,"column":166}}],"line":30},"12":{"loc":{"start":{"line":30,"column":200},"end":{"line":30,"column":254}},"type":"if","locations":[{"start":{"line":30,"column":200},"end":{"line":30,"column":254}},{"start":{"line":30,"column":200},"end":{"line":30,"column":254}}],"line":30},"13":{"loc":{"start":{"line":32,"column":62},"end":{"line":32,"column":131}},"type":"if","locations":[{"start":{"line":32,"column":62},"end":{"line":32,"column":131}},{"start":{"line":32,"column":62},"end":{"line":32,"column":131}}],"line":32},"14":{"loc":{"start":{"line":32,"column":132},"end":{"line":32,"column":193}},"type":"if","locations":[{"start":{"line":32,"column":132},"end":{"line":32,"column":193}},{"start":{"line":32,"column":132},"end":{"line":32,"column":193}}],"line":32},"15":{"loc":{"start":{"line":57,"column":12},"end":{"line":105,"column":13}},"type":"switch","locations":[{"start":{"line":58,"column":14},"end":{"line":61,"column":47}},{"start":{"line":63,"column":14},"end":{"line":71,"column":53}},{"start":{"line":73,"column":14},"end":{"line":92,"column":20}},{"start":{"line":94,"column":14},"end":{"line":100,"column":20}},{"start":{"line":102,"column":14},"end":{"line":102,"column":22}},{"start":{"line":103,"column":14},"end":{"line":104,"column":39}}],"line":57},"16":{"loc":{"start":{"line":66,"column":16},"end":{"line":69,"column":17}},"type":"if","locations":[{"start":{"line":66,"column":16},"end":{"line":69,"column":17}},{"start":{"line":66,"column":16},"end":{"line":69,"column":17}}],"line":66},"17":{"loc":{"start":{"line":133,"column":12},"end":{"line":245,"column":13}},"type":"switch","locations":[{"start":{"line":134,"column":14},"end":{"line":139,"column":62}},{"start":{"line":141,"column":14},"end":{"line":149,"column":67}},{"start":{"line":151,"column":14},"end":{"line":157,"column":19}},{"start":{"line":159,"column":14},"end":{"line":167,"column":59}},{"start":{"line":169,"column":14},"end":{"line":175,"column":19}},{"start":{"line":177,"column":14},"end":{"line":185,"column":72}},{"start":{"line":187,"column":14},"end":{"line":199,"column":58}},{"start":{"line":201,"column":14},"end":{"line":219,"column":19}},{"start":{"line":221,"column":14},"end":{"line":232,"column":20}},{"start":{"line":234,"column":14},"end":{"line":240,"column":20}},{"start":{"line":242,"column":14},"end":{"line":242,"column":22}},{"start":{"line":243,"column":14},"end":{"line":244,"column":40}}],"line":133},"18":{"loc":{"start":{"line":144,"column":16},"end":{"line":147,"column":17}},"type":"if","locations":[{"start":{"line":144,"column":16},"end":{"line":147,"column":17}},{"start":{"line":144,"column":16},"end":{"line":147,"column":17}}],"line":144},"19":{"loc":{"start":{"line":162,"column":16},"end":{"line":165,"column":17}},"type":"if","locations":[{"start":{"line":162,"column":16},"end":{"line":165,"column":17}},{"start":{"line":162,"column":16},"end":{"line":165,"column":17}}],"line":162},"20":{"loc":{"start":{"line":180,"column":16},"end":{"line":183,"column":17}},"type":"if","locations":[{"start":{"line":180,"column":16},"end":{"line":183,"column":17}},{"start":{"line":180,"column":16},"end":{"line":183,"column":17}}],"line":180},"21":{"loc":{"start":{"line":191,"column":26},"end":{"line":191,"column":75}},"type":"cond-expr","locations":[{"start":{"line":191,"column":59},"end":{"line":191,"column":67}},{"start":{"line":191,"column":70},"end":{"line":191,"column":75}}],"line":191},"22":{"loc":{"start":{"line":194,"column":16},"end":{"line":197,"column":17}},"type":"if","locations":[{"start":{"line":194,"column":16},"end":{"line":197,"column":17}},{"start":{"line":194,"column":16},"end":{"line":197,"column":17}}],"line":194},"23":{"loc":{"start":{"line":207,"column":18},"end":{"line":209,"column":19}},"type":"if","locations":[{"start":{"line":207,"column":18},"end":{"line":209,"column":19}},{"start":{"line":207,"column":18},"end":{"line":209,"column":19}}],"line":207},"24":{"loc":{"start":{"line":272,"column":12},"end":{"line":316,"column":13}},"type":"switch","locations":[{"start":{"line":273,"column":14},"end":{"line":277,"column":50}},{"start":{"line":279,"column":14},"end":{"line":287,"column":60}},{"start":{"line":289,"column":14},"end":{"line":303,"column":20}},{"start":{"line":305,"column":14},"end":{"line":311,"column":20}},{"start":{"line":313,"column":14},"end":{"line":313,"column":22}},{"start":{"line":314,"column":14},"end":{"line":315,"column":40}}],"line":272},"25":{"loc":{"start":{"line":282,"column":16},"end":{"line":285,"column":17}},"type":"if","locations":[{"start":{"line":282,"column":16},"end":{"line":285,"column":17}},{"start":{"line":282,"column":16},"end":{"line":285,"column":17}}],"line":282},"26":{"loc":{"start":{"line":343,"column":12},"end":{"line":442,"column":13}},"type":"switch","locations":[{"start":{"line":344,"column":14},"end":{"line":349,"column":50}},{"start":{"line":351,"column":14},"end":{"line":359,"column":64}},{"start":{"line":361,"column":14},"end":{"line":411,"column":19}},{"start":{"line":413,"column":14},"end":{"line":421,"column":62}},{"start":{"line":423,"column":14},"end":{"line":429,"column":20}},{"start":{"line":431,"column":14},"end":{"line":437,"column":20}},{"start":{"line":439,"column":14},"end":{"line":439,"column":22}},{"start":{"line":440,"column":14},"end":{"line":441,"column":40}}],"line":343},"27":{"loc":{"start":{"line":354,"column":16},"end":{"line":357,"column":17}},"type":"if","locations":[{"start":{"line":354,"column":16},"end":{"line":357,"column":17}},{"start":{"line":354,"column":16},"end":{"line":357,"column":17}}],"line":354},"28":{"loc":{"start":{"line":363,"column":24},"end":{"line":363,"column":57}},"type":"cond-expr","locations":[{"start":{"line":363,"column":36},"end":{"line":363,"column":45}},{"start":{"line":363,"column":48},"end":{"line":363,"column":57}}],"line":363},"29":{"loc":{"start":{"line":364,"column":25},"end":{"line":364,"column":61}},"type":"cond-expr","locations":[{"start":{"line":364,"column":38},"end":{"line":364,"column":48}},{"start":{"line":364,"column":51},"end":{"line":364,"column":61}}],"line":364},"30":{"loc":{"start":{"line":365,"column":30},"end":{"line":365,"column":81}},"type":"cond-expr","locations":[{"start":{"line":365,"column":48},"end":{"line":365,"column":63}},{"start":{"line":365,"column":66},"end":{"line":365,"column":81}}],"line":365},"31":{"loc":{"start":{"line":366,"column":28},"end":{"line":366,"column":78}},"type":"cond-expr","locations":[{"start":{"line":366,"column":44},"end":{"line":366,"column":62}},{"start":{"line":366,"column":65},"end":{"line":366,"column":78}}],"line":366},"32":{"loc":{"start":{"line":371,"column":16},"end":{"line":400,"column":17}},"type":"if","locations":[{"start":{"line":371,"column":16},"end":{"line":400,"column":17}},{"start":{"line":371,"column":16},"end":{"line":400,"column":17}}],"line":371},"33":{"loc":{"start":{"line":378,"column":20},"end":{"line":380,"column":21}},"type":"if","locations":[{"start":{"line":378,"column":20},"end":{"line":380,"column":21}},{"start":{"line":378,"column":20},"end":{"line":380,"column":21}}],"line":378},"34":{"loc":{"start":{"line":382,"column":34},"end":{"line":382,"column":93}},"type":"cond-expr","locations":[{"start":{"line":382,"column":72},"end":{"line":382,"column":85}},{"start":{"line":382,"column":88},"end":{"line":382,"column":93}}],"line":382},"35":{"loc":{"start":{"line":385,"column":20},"end":{"line":388,"column":21}},"type":"if","locations":[{"start":{"line":385,"column":20},"end":{"line":388,"column":21}},{"start":{"line":385,"column":20},"end":{"line":388,"column":21}}],"line":385},"36":{"loc":{"start":{"line":395,"column":22},"end":{"line":397,"column":23}},"type":"if","locations":[{"start":{"line":395,"column":22},"end":{"line":397,"column":23}},{"start":{"line":395,"column":22},"end":{"line":397,"column":23}}],"line":395},"37":{"loc":{"start":{"line":416,"column":16},"end":{"line":419,"column":17}},"type":"if","locations":[{"start":{"line":416,"column":16},"end":{"line":419,"column":17}},{"start":{"line":416,"column":16},"end":{"line":419,"column":17}}],"line":416},"38":{"loc":{"start":{"line":469,"column":12},"end":{"line":532,"column":13}},"type":"switch","locations":[{"start":{"line":470,"column":14},"end":{"line":475,"column":50}},{"start":{"line":477,"column":14},"end":{"line":485,"column":69}},{"start":{"line":487,"column":14},"end":{"line":503,"column":19}},{"start":{"line":505,"column":14},"end":{"line":513,"column":71}},{"start":{"line":515,"column":14},"end":{"line":519,"column":20}},{"start":{"line":521,"column":14},"end":{"line":527,"column":20}},{"start":{"line":529,"column":14},"end":{"line":529,"column":22}},{"start":{"line":530,"column":14},"end":{"line":531,"column":40}}],"line":469},"39":{"loc":{"start":{"line":480,"column":16},"end":{"line":483,"column":17}},"type":"if","locations":[{"start":{"line":480,"column":16},"end":{"line":483,"column":17}},{"start":{"line":480,"column":16},"end":{"line":483,"column":17}}],"line":480},"40":{"loc":{"start":{"line":493,"column":18},"end":{"line":495,"column":19}},"type":"if","locations":[{"start":{"line":493,"column":18},"end":{"line":495,"column":19}},{"start":{"line":493,"column":18},"end":{"line":495,"column":19}}],"line":493},"41":{"loc":{"start":{"line":508,"column":16},"end":{"line":511,"column":17}},"type":"if","locations":[{"start":{"line":508,"column":16},"end":{"line":511,"column":17}},{"start":{"line":508,"column":16},"end":{"line":511,"column":17}}],"line":508}},"s":{"0":1,"1":1,"2":1,"3":1,"4":1,"5":1,"6":4,"7":1,"8":1,"9":1,"10":1,"11":1,"12":1,"13":0,"14":1,"15":1,"16":1,"17":1,"18":0,"19":1,"20":1,"21":1,"22":1,"23":1,"24":0,"25":0,"26":1,"27":15,"28":15,"29":15,"30":0,"31":0,"32":15,"33":5,"34":10,"35":5,"36":5,"37":5,"38":5,"39":5,"40":15,"41":0,"42":5,"43":0,"44":0,"45":1,"46":1,"47":5,"48":5,"49":5,"50":5,"51":5,"52":5,"53":1,"54":0,"55":1,"56":1,"57":1,"58":1,"59":0,"60":1,"61":1,"62":1,"63":3,"64":4,"65":1,"66":1,"67":1,"68":1,"69":1,"70":1,"71":1,"72":0,"73":1,"74":1,"75":4,"76":4,"77":4,"78":4,"79":1,"80":0,"81":0,"82":0,"83":1,"84":1,"85":1,"86":1,"87":1,"88":6,"89":10,"90":1,"91":1,"92":1,"93":1,"94":1,"95":1,"96":1,"97":1,"98":1,"99":0,"100":1,"101":1,"102":1,"103":1,"104":1,"105":1,"106":0,"107":1,"108":1,"109":1,"110":1,"111":1,"112":1,"113":0,"114":1,"115":1,"116":1,"117":1,"118":1,"119":1,"120":0,"121":1,"122":1,"123":1,"124":1,"125":0,"126":1,"127":1,"128":1,"129":1,"130":0,"131":0,"132":0,"133":1,"134":1,"135":1,"136":1,"137":1,"138":3,"139":4,"140":1,"141":1,"142":1,"143":1,"144":1,"145":1,"146":1,"147":1,"148":0,"149":1,"150":1,"151":1,"152":1,"153":1,"154":0,"155":0,"156":0,"157":1,"158":1,"159":1,"160":1,"161":1,"162":4,"163":6,"164":1,"165":1,"166":1,"167":1,"168":1,"169":1,"170":1,"171":1,"172":1,"173":0,"174":1,"175":1,"176":1,"177":1,"178":0,"179":0,"180":0,"181":0,"182":0,"183":0,"184":0,"185":0,"186":0,"187":0,"188":0,"189":0,"190":0,"191":1,"192":1,"193":1,"194":1,"195":1,"196":1,"197":0,"198":1,"199":1,"200":0,"201":0,"202":0,"203":1,"204":1,"205":1,"206":1,"207":1,"208":4,"209":6,"210":1,"211":1,"212":1,"213":1,"214":1,"215":1,"216":1,"217":1,"218":1,"219":0,"220":1,"221":1,"222":1,"223":0,"224":1,"225":1,"226":1,"227":1,"228":1,"229":1,"230":0,"231":1,"232":0,"233":0,"234":0,"235":1,"236":1,"237":1,"238":1,"239":1,"240":1},"f":{"0":4,"1":1,"2":0,"3":1,"4":1,"5":1,"6":1,"7":0,"8":15,"9":5,"10":5,"11":5,"12":15,"13":0,"14":0,"15":1,"16":1,"17":1,"18":0,"19":1,"20":1,"21":3,"22":4,"23":1,"24":1,"25":1,"26":6,"27":1,"28":1,"29":1,"30":1,"31":3,"32":1,"33":1,"34":1,"35":4,"36":0,"37":0,"38":1,"39":1,"40":1,"41":4,"42":1,"43":1},"b":{"0":[2,2],"1":[4,4],"2":[1,0],"3":[1,0],"4":[0,1],"5":[1,0],"6":[1,1],"7":[0,0],"8":[0,0,0,0],"9":[5,10],"10":[0,0],"11":[5,5],"12":[5,0],"13":[0,1],"14":[1,0],"15":[1,1,1,0,0,1],"16":[1,0],"17":[1,1,1,1,1,1,1,1,1,0,0,1],"18":[1,0],"19":[1,0],"20":[1,0],"21":[1,0],"22":[1,0],"23":[0,1],"24":[1,1,1,0,0,1],"25":[1,0],"26":[1,1,1,1,1,0,0,1],"27":[1,0],"28":[1,0],"29":[0,1],"30":[0,1],"31":[0,1],"32":[0,1],"33":[0,0],"34":[0,0],"35":[0,0],"36":[0,0],"37":[1,0],"38":[1,1,1,1,1,0,0,1],"39":[1,0],"40":[0,1],"41":[1,0]},"_coverageSchema":"43e27e138ebf9cfc5966b082cf9a028302ed4184","hash":"5afa534fc9997ed2d4a747c6b459f9416a9543f4","contentHash":"70a4eecc41e50f999c8a39fa67bdacc6cb86bbd4f96138f83476f5d0ebf99b9c"},"/Users/user1/Desktop/personal/book-a-meal/api/src/middlewares/authentication.js":{"path":"/Users/user1/Desktop/personal/book-a-meal/api/src/middlewares/authentication.js","statementMap":{"0":{"start":{"line":3,"column":0},"end":{"line":5,"column":3}},"1":{"start":{"line":6,"column":0},"end":{"line":6,"column":25}},"2":{"start":{"line":8,"column":20},"end":{"line":8,"column":67}},"3":{"start":{"line":10,"column":11},"end":{"line":10,"column":58}},"4":{"start":{"line":12,"column":39},"end":{"line":12,"column":93}},"5":{"start":{"line":14,"column":77},"end":{"line":14,"column":175}},"6":{"start":{"line":14,"column":94},"end":{"line":14,"column":107}},"7":{"start":{"line":14,"column":121},"end":{"line":14,"column":131}},"8":{"start":{"line":14,"column":151},"end":{"line":14,"column":165}},"9":{"start":{"line":14,"column":166},"end":{"line":14,"column":173}},"10":{"start":{"line":14,"column":176},"end":{"line":14,"column":263}},"11":{"start":{"line":14,"column":193},"end":{"line":14,"column":208}},"12":{"start":{"line":14,"column":218},"end":{"line":14,"column":261}},"13":{"start":{"line":16,"column":33},"end":{"line":16,"column":387}},"14":{"start":{"line":16,"column":65},"end":{"line":16,"column":69}},"15":{"start":{"line":16,"column":78},"end":{"line":16,"column":87}},"16":{"start":{"line":16,"column":89},"end":{"line":16,"column":384}},"17":{"start":{"line":16,"column":147},"end":{"line":16,"column":167}},"18":{"start":{"line":16,"column":193},"end":{"line":16,"column":264}},"19":{"start":{"line":16,"column":290},"end":{"line":16,"column":360}},"20":{"start":{"line":16,"column":363},"end":{"line":16,"column":380}},"21":{"start":{"line":18,"column":50},"end":{"line":18,"column":151}},"22":{"start":{"line":18,"column":92},"end":{"line":18,"column":149}},"23":{"start":{"line":20,"column":44},"end":{"line":20,"column":315}},"24":{"start":{"line":20,"column":57},"end":{"line":20,"column":58}},"25":{"start":{"line":20,"column":102},"end":{"line":20,"column":110}},"26":{"start":{"line":20,"column":112},"end":{"line":20,"column":167}},"27":{"start":{"line":20,"column":168},"end":{"line":20,"column":199}},"28":{"start":{"line":20,"column":200},"end":{"line":20,"column":254}},"29":{"start":{"line":20,"column":227},"end":{"line":20,"column":254}},"30":{"start":{"line":20,"column":255},"end":{"line":20,"column":313}},"31":{"start":{"line":22,"column":62},"end":{"line":22,"column":131}},"32":{"start":{"line":22,"column":78},"end":{"line":22,"column":131}},"33":{"start":{"line":22,"column":132},"end":{"line":22,"column":193}},"34":{"start":{"line":22,"column":149},"end":{"line":22,"column":193}},"35":{"start":{"line":22,"column":194},"end":{"line":22,"column":213}},"36":{"start":{"line":26,"column":0},"end":{"line":231,"column":3}},"37":{"start":{"line":28,"column":4},"end":{"line":28,"column":42}},"38":{"start":{"line":31,"column":2},"end":{"line":228,"column":6}},"39":{"start":{"line":34,"column":29},"end":{"line":80,"column":9}},"40":{"start":{"line":38,"column":8},"end":{"line":79,"column":37}},"41":{"start":{"line":39,"column":10},"end":{"line":78,"column":11}},"42":{"start":{"line":40,"column":12},"end":{"line":77,"column":13}},"43":{"start":{"line":42,"column":16},"end":{"line":42,"column":50}},"44":{"start":{"line":44,"column":16},"end":{"line":47,"column":17}},"45":{"start":{"line":45,"column":18},"end":{"line":45,"column":36}},"46":{"start":{"line":46,"column":18},"end":{"line":46,"column":24}},"47":{"start":{"line":49,"column":16},"end":{"line":52,"column":20}},"48":{"start":{"line":55,"column":16},"end":{"line":55,"column":47}},"49":{"start":{"line":56,"column":16},"end":{"line":56,"column":34}},"50":{"start":{"line":57,"column":16},"end":{"line":57,"column":34}},"51":{"start":{"line":58,"column":16},"end":{"line":58,"column":76}},"52":{"start":{"line":61,"column":16},"end":{"line":61,"column":40}},"53":{"start":{"line":62,"column":16},"end":{"line":62,"column":48}},"54":{"start":{"line":63,"column":16},"end":{"line":63,"column":23}},"55":{"start":{"line":64,"column":16},"end":{"line":64,"column":55}},"56":{"start":{"line":67,"column":16},"end":{"line":67,"column":35}},"57":{"start":{"line":68,"column":16},"end":{"line":68,"column":51}},"58":{"start":{"line":69,"column":16},"end":{"line":72,"column":20}},"59":{"start":{"line":76,"column":16},"end":{"line":76,"column":39}},"60":{"start":{"line":83,"column":8},"end":{"line":83,"column":55}},"61":{"start":{"line":86,"column":6},"end":{"line":86,"column":29}},"62":{"start":{"line":91,"column":30},"end":{"line":146,"column":9}},"63":{"start":{"line":95,"column":8},"end":{"line":145,"column":38}},"64":{"start":{"line":96,"column":10},"end":{"line":144,"column":11}},"65":{"start":{"line":97,"column":12},"end":{"line":143,"column":13}},"66":{"start":{"line":99,"column":16},"end":{"line":99,"column":50}},"67":{"start":{"line":101,"column":16},"end":{"line":104,"column":17}},"68":{"start":{"line":102,"column":18},"end":{"line":102,"column":37}},"69":{"start":{"line":103,"column":18},"end":{"line":103,"column":24}},"70":{"start":{"line":106,"column":16},"end":{"line":109,"column":20}},"71":{"start":{"line":112,"column":16},"end":{"line":112,"column":47}},"72":{"start":{"line":113,"column":16},"end":{"line":113,"column":35}},"73":{"start":{"line":114,"column":16},"end":{"line":114,"column":35}},"74":{"start":{"line":115,"column":16},"end":{"line":115,"column":76}},"75":{"start":{"line":118,"column":16},"end":{"line":118,"column":41}},"76":{"start":{"line":120,"column":16},"end":{"line":123,"column":17}},"77":{"start":{"line":121,"column":18},"end":{"line":121,"column":38}},"78":{"start":{"line":122,"column":18},"end":{"line":122,"column":24}},"79":{"start":{"line":125,"column":16},"end":{"line":125,"column":56}},"80":{"start":{"line":128,"column":16},"end":{"line":128,"column":46}},"81":{"start":{"line":129,"column":16},"end":{"line":129,"column":23}},"82":{"start":{"line":130,"column":16},"end":{"line":130,"column":56}},"83":{"start":{"line":133,"column":16},"end":{"line":133,"column":36}},"84":{"start":{"line":134,"column":16},"end":{"line":134,"column":53}},"85":{"start":{"line":135,"column":16},"end":{"line":138,"column":20}},"86":{"start":{"line":142,"column":16},"end":{"line":142,"column":40}},"87":{"start":{"line":149,"column":8},"end":{"line":149,"column":56}},"88":{"start":{"line":152,"column":6},"end":{"line":152,"column":30}},"89":{"start":{"line":157,"column":31},"end":{"line":220,"column":9}},"90":{"start":{"line":161,"column":8},"end":{"line":219,"column":38}},"91":{"start":{"line":162,"column":10},"end":{"line":218,"column":11}},"92":{"start":{"line":163,"column":12},"end":{"line":217,"column":13}},"93":{"start":{"line":165,"column":16},"end":{"line":165,"column":50}},"94":{"start":{"line":167,"column":16},"end":{"line":170,"column":17}},"95":{"start":{"line":168,"column":18},"end":{"line":168,"column":37}},"96":{"start":{"line":169,"column":18},"end":{"line":169,"column":24}},"97":{"start":{"line":172,"column":16},"end":{"line":175,"column":20}},"98":{"start":{"line":178,"column":16},"end":{"line":178,"column":47}},"99":{"start":{"line":179,"column":16},"end":{"line":179,"column":35}},"100":{"start":{"line":180,"column":16},"end":{"line":180,"column":35}},"101":{"start":{"line":181,"column":16},"end":{"line":181,"column":76}},"102":{"start":{"line":184,"column":16},"end":{"line":184,"column":41}},"103":{"start":{"line":186,"column":16},"end":{"line":189,"column":17}},"104":{"start":{"line":187,"column":18},"end":{"line":187,"column":38}},"105":{"start":{"line":188,"column":18},"end":{"line":188,"column":24}},"106":{"start":{"line":191,"column":16},"end":{"line":191,"column":56}},"107":{"start":{"line":194,"column":16},"end":{"line":197,"column":17}},"108":{"start":{"line":195,"column":18},"end":{"line":195,"c
[...]
olumn":16},"end":{"line":190,"column":64}},"91":{"start":{"line":193,"column":16},"end":{"line":193,"column":35}},"92":{"start":{"line":194,"column":16},"end":{"line":194,"column":69}},"93":{"start":{"line":197,"column":16},"end":{"line":197,"column":41}},"94":{"start":{"line":198,"column":16},"end":{"line":202,"column":18}},"95":{"start":{"line":203,"column":16},"end":{"line":207,"column":20}},"96":{"start":{"line":210,"column":16},"end":{"line":210,"column":36}},"97":{"start":{"line":211,"column":16},"end":{"line":211,"column":53}},"98":{"start":{"line":212,"column":16},"end":{"line":215,"column":20}},"99":{"start":{"line":219,"column":16},"end":{"line":219,"column":40}},"100":{"start":{"line":226,"column":8},"end":{"line":226,"column":57}},"101":{"start":{"line":229,"column":6},"end":{"line":229,"column":31}},"102":{"start":{"line":241,"column":28},"end":{"line":315,"column":9}},"103":{"start":{"line":245,"column":8},"end":{"line":314,"column":38}},"104":{"start":{"line":246,"column":10},"end":{"line":313,"column":11}},"105":{"start":{"line":247,"column":12},"end":{"line":312,"column":13}},"106":{"start":{"line":249,"column":16},"end":{"line":249,"column":35}},"107":{"start":{"line":250,"column":16},"end":{"line":250,"column":35}},"108":{"start":{"line":251,"column":16},"end":{"line":251,"column":32}},"109":{"start":{"line":252,"column":16},"end":{"line":252,"column":35}},"110":{"start":{"line":253,"column":16},"end":{"line":253,"column":54}},"111":{"start":{"line":256,"column":16},"end":{"line":256,"column":42}},"112":{"start":{"line":258,"column":16},"end":{"line":261,"column":17}},"113":{"start":{"line":259,"column":18},"end":{"line":259,"column":37}},"114":{"start":{"line":260,"column":18},"end":{"line":260,"column":24}},"115":{"start":{"line":263,"column":16},"end":{"line":263,"column":60}},"116":{"start":{"line":266,"column":16},"end":{"line":268,"column":18}},"117":{"start":{"line":269,"column":16},"end":{"line":269,"column":43}},"118":{"start":{"line":270,"column":16},"end":{"line":270,"column":36}},"119":{"start":{"line":271,"column":16},"end":{"line":277,"column":19}},"120":{"start":{"line":280,"column":16},"end":{"line":280,"column":49}},"121":{"start":{"line":282,"column":16},"end":{"line":285,"column":17}},"122":{"start":{"line":283,"column":18},"end":{"line":283,"column":38}},"123":{"start":{"line":284,"column":18},"end":{"line":284,"column":24}},"124":{"start":{"line":287,"column":16},"end":{"line":287,"column":65}},"125":{"start":{"line":290,"column":16},"end":{"line":290,"column":36}},"126":{"start":{"line":291,"column":16},"end":{"line":291,"column":54}},"127":{"start":{"line":294,"column":16},"end":{"line":294,"column":45}},"128":{"start":{"line":295,"column":16},"end":{"line":299,"column":20}},"129":{"start":{"line":302,"column":16},"end":{"line":302,"column":36}},"130":{"start":{"line":303,"column":16},"end":{"line":303,"column":53}},"131":{"start":{"line":304,"column":16},"end":{"line":307,"column":20}},"132":{"start":{"line":311,"column":16},"end":{"line":311,"column":40}},"133":{"start":{"line":318,"column":8},"end":{"line":318,"column":54}},"134":{"start":{"line":321,"column":6},"end":{"line":321,"column":28}},"135":{"start":{"line":333,"column":34},"end":{"line":380,"column":9}},"136":{"start":{"line":337,"column":8},"end":{"line":379,"column":38}},"137":{"start":{"line":338,"column":10},"end":{"line":378,"column":11}},"138":{"start":{"line":339,"column":12},"end":{"line":377,"column":13}},"139":{"start":{"line":341,"column":16},"end":{"line":341,"column":35}},"140":{"start":{"line":342,"column":16},"end":{"line":342,"column":35}},"141":{"start":{"line":343,"column":16},"end":{"line":343,"column":35}},"142":{"start":{"line":344,"column":16},"end":{"line":348,"column":19}},"143":{"start":{"line":351,"column":16},"end":{"line":351,"column":42}},"144":{"start":{"line":353,"column":16},"end":{"line":356,"column":17}},"145":{"start":{"line":354,"column":18},"end":{"line":354,"column":37}},"146":{"start":{"line":355,"column":18},"end":{"line":355,"column":24}},"147":{"start":{"line":358,"column":16},"end":{"line":358,"column":75}},"148":{"start":{"line":361,"column":16},"end":{"line":364,"column":20}},"149":{"start":{"line":367,"column":16},"end":{"line":367,"column":36}},"150":{"start":{"line":368,"column":16},"end":{"line":368,"column":53}},"151":{"start":{"line":369,"column":16},"end":{"line":372,"column":20}},"152":{"start":{"line":376,"column":16},"end":{"line":376,"column":40}},"153":{"start":{"line":383,"column":8},"end":{"line":383,"column":60}},"154":{"start":{"line":386,"column":6},"end":{"line":386,"column":34}},"155":{"start":{"line":390,"column":2},"end":{"line":390,"column":28}},"156":{"start":{"line":393,"column":15},"end":{"line":393,"column":33}},"157":{"start":{"line":394,"column":0},"end":{"line":394,"column":27}}},"fnMap":{"0":{"name":"_interopRequireDefault","decl":{"start":{"line":12,"column":9},"end":{"line":12,"column":31}},"loc":{"start":{"line":12,"column":37},"end":{"line":12,"column":95}},"line":12},"1":{"name":"asyncGeneratorStep","decl":{"start":{"line":14,"column":9},"end":{"line":14,"column":27}},"loc":{"start":{"line":14,"column":75},"end":{"line":14,"column":265}},"line":14},"2":{"name":"_asyncToGenerator","decl":{"start":{"line":16,"column":9},"end":{"line":16,"column":26}},"loc":{"start":{"line":16,"column":31},"end":{"line":16,"column":389}},"line":16},"3":{"name":"(anonymous_3)","decl":{"start":{"line":16,"column":40},"end":{"line":16,"column":41}},"loc":{"start":{"line":16,"column":52},"end":{"line":16,"column":386}},"line":16},"4":{"name":"(anonymous_4)","decl":{"start":{"line":16,"column":108},"end":{"line":16,"column":109}},"loc":{"start":{"line":16,"column":135},"end":{"line":16,"column":382}},"line":16},"5":{"name":"_next","decl":{"start":{"line":16,"column":178},"end":{"line":16,"column":183}},"loc":{"start":{"line":16,"column":191},"end":{"line":16,"column":266}},"line":16},"6":{"name":"_throw","decl":{"start":{"line":16,"column":276},"end":{"line":16,"column":282}},"loc":{"start":{"line":16,"column":288},"end":{"line":16,"column":362}},"line":16},"7":{"name":"_classCallCheck","decl":{"start":{"line":18,"column":9},"end":{"line":18,"column":24}},"loc":{"start":{"line":18,"column":48},"end":{"line":18,"column":153}},"line":18},"8":{"name":"_defineProperties","decl":{"start":{"line":20,"column":9},"end":{"line":20,"column":26}},"loc":{"start":{"line":20,"column":42},"end":{"line":20,"column":317}},"line":20},"9":{"name":"_createClass","decl":{"start":{"line":22,"column":9},"end":{"line":22,"column":21}},"loc":{"start":{"line":22,"column":60},"end":{"line":22,"column":215}},"line":22},"10":{"name":"(anonymous_10)","decl":{"start":{"line":26,"column":0},"end":{"line":26,"column":1}},"loc":{"start":{"line":26,"column":12},"end":{"line":391,"column":1}},"line":26},"11":{"name":"CategroyController","decl":{"start":{"line":27,"column":11},"end":{"line":27,"column":29}},"loc":{"start":{"line":27,"column":32},"end":{"line":29,"column":3}},"line":27},"12":{"name":"(anonymous_12)","decl":{"start":{"line":40,"column":11},"end":{"line":40,"column":12}},"loc":{"start":{"line":40,"column":23},"end":{"line":90,"column":5}},"line":40},"13":{"name":"_callee","decl":{"start":{"line":43,"column":39},"end":{"line":43,"column":46}},"loc":{"start":{"line":43,"column":57},"end":{"line":83,"column":7}},"line":43},"14":{"name":"_callee$","decl":{"start":{"line":45,"column":48},"end":{"line":45,"column":56}},"loc":{"start":{"line":45,"column":67},"end":{"line":82,"column":9}},"line":45},"15":{"name":"fetchAllCategories","decl":{"start":{"line":85,"column":15},"end":{"line":85,"column":33}},"loc":{"start":{"line":85,"column":43},"end":{"line":87,"column":7}},"line":85},"16":{"name":"(anonymous_16)","decl":{"start":{"line":100,"column":11},"end":{"line":100,"column":12}},"loc":{"start":{"line":100,"column":23},"end":{"line":158,"column":5}},"line":100},"17":{"name":"_callee2","decl":{"start":{"line":103,"column":39},"end":{"line":103,"column":47}},"loc":{"start":{"line":103,"column":58},"end":{"line":151,"column":7}},"line":103},"18":{"name":"_callee2$","decl":{"start":{"line":105,"column":48},"end":{"line":105,"column":57}},"loc":{"start":{"line":105,"column":69},"end":{"line":150,"column":9}},"line":105},"19":{"name":"addACategory","decl":{"start":{"line":153,"column":15},"end":{"line":153,"column":27}},"loc":{"start":{"line":153,"column":38},"end":{"line":155,"column":7}},"line":153},"20":{"name":"(anonymous_20)","decl":{"start":{"line":168,"column":11},"end":{"line":168,"column":12}},"loc":{"start":{"line":168,"column":23},"end":{"line":230,"column":5}},"line":168},"21":{"name":"_callee3","decl":{"start":{"line":171,"column":39},"end":{"line":171,"column":47}},"loc":{"start":{"line":171,"column":58},"end":{"line":223,"column":7}},"line":171},"22":{"name":"_callee3$","decl":{"start":{"line":173,"column":48},"end":{"line":173,"column":57}},"loc":{"start":{"line":173,"column":69},"end":{"line":222,"column":9}},"line":173},"23":{"name":"getSingleCategory","decl":{"start":{"line":225,"column":15},"end":{"line":225,"column":32}},"loc":{"start":{"line":225,"column":43},"end":{"line":227,"column":7}},"line":225},"24":{"name":"(anonymous_24)","decl":{"start":{"line":240,"column":11},"end":{"line":240,"column":12}},"loc":{"start":{"line":240,"column":23},"end":{"line":322,"column":5}},"line":240},"25":{"name":"_callee4","decl":{"start":{"line":243,"column":39},"end":{"line":243,"column":47}},"loc":{"start":{"line":243,"column":58},"end":{"line":315,"column":7}},"line":243},"26":{"name":"_callee4$","decl":{"start":{"line":245,"column":48},"end":{"line":245,"column":57}},"loc":{"start":{"line":245,"column":69},"end":{"line":314,"column":9}},"line":245},"27":{"name":"modifyCategory","decl":{"start":{"line":317,"column":15},"end":{"line":317,"column":29}},"loc":{"start":{"line":317,"column":40},"end":{"line":319,"column":7}},"line":317},"28":{"name":"(anonymous_28)","decl":{"start":{"line":332,"column":11},"end":{"line":332,"column":12}},"loc":{"start":{"line":332,"column":23},"end":{"line":387,"column":5}},"line":332},"29":{"name":"_callee5","decl":{"start":{"line":335,"column":39},"end":{"line":335,"column":47}},"loc":{"start":{"line":335,"column":58},"end":{"line":380,"column":7}},"line":335},"30":{"name":"_callee5$","decl":{"start":{"line":337,"column":48},"end":{"line":337,"column":57}},"loc":{"start":{"line":337,"column":69},"end":{"line":379,"column":9}},"line":337},"31":{"name":"deleteSingleCategory","decl":{"start":{"line":382,"column":15},"end":{"line":382,"column":35}},"loc":{"start":{"line":382,"column":47},"end":{"line":384,"column":7}},"line":382}},"branchMap":{"0":{"loc":{"start":{"line":12,"column":46},"end":{"line":12,"column":92}},"type":"cond-expr","locations":[{"start":{"line":12,"column":70},"end":{"line":12,"column":73}},{"start":{"line":12,"column":76},"end":{"line":12,"column":92}}],"line":12},"1":{"loc":{"start":{"line":12,"column":46},"end":{"line":12,"column":67}},"type":"binary-expr","locations":[{"start":{"line":12,"column":46},"end":{"line":12,"column":49}},{"start":{"line":12,"column":53},"end":{"line":12,"column":67}}],"line":12},"2":{"loc":{"start":{"line":14,"column":176},"end":{"line":14,"column":263}},"type":"if","locations":[{"start":{"line":14,"column":176},"end":{"line":14,"column":263}},{"start":{"line":14,"column":176},"end":{"line":14,"column":263}}],"line":14},"3":{"loc":{"start":{"line":18,"column":50},"end":{"line":18,"column":151}},"type":"if","locations":[{"start":{"line":18,"column":50},"end":{"line":18,"column":151}},{"start":{"line":18,"column":50},"end":{"line":18,"column":151}}],"line":18},"4":{"loc":{"start":{"line":20,"column":136},"end":{"line":20,"column":166}},"type":"binary-expr","locations":[{"start":{"line":20,"column":136},"end":{"line":20,"column":157}},{"start":{"line":20,"column":161},"end":{"line":20,"column":166}}],"line":20},"5":{"loc":{"start":{"line":20,"column":200},"end":{"line":20,"column":254}},"type":"if","locations":[{"start":{"line":20,"column":200},"end":{"line":20,"column":254}},{"start":{"line":20,"column":200},"end":{"line":20,"column":254}}],"line":20},"6":{"loc":{"start":{"line":22,"column":62},"end":{"line":22,"column":131}},"type":"if","locations":[{"start":{"line":22,"column":62},"end":{"line":22,"column":131}},{"start":{"line":22,"column":62},"end":{"line":22,"column":131}}],"line":22},"7":{"loc":{"start":{"line":22,"column":132},"end":{"line":22,"column":193}},"type":"if","locations":[{"start":{"line":22,"column":132},"end":{"line":22,"column":193}},{"start":{"line":22,"column":132},"end":{"line":22,"column":193}}],"line":22},"8":{"loc":{"start":{"line":47,"column":12},"end":{"line":80,"column":13}},"type":"switch","locations":[{"start":{"line":48,"column":14},"end":{"line":51,"column":51}},{"start":{"line":53,"column":14},"end":{"line":61,"column":57}},{"start":{"line":63,"column":14},"end":{"line":67,"column":20}},{"start":{"line":69,"column":14},"end":{"line":75,"column":20}},{"start":{"line":77,"column":14},"end":{"line":77,"column":22}},{"start":{"line":78,"column":14},"end":{"line":79,"column":39}}],"line":47},"9":{"loc":{"start":{"line":56,"column":16},"end":{"line":59,"column":17}},"type":"if","locations":[{"start":{"line":56,"column":16},"end":{"line":59,"column":17}},{"start":{"line":56,"column":16},"end":{"line":59,"column":17}}],"line":56},"10":{"loc":{"start":{"line":107,"column":12},"end":{"line":148,"column":13}},"type":"switch","locations":[{"start":{"line":108,"column":14},"end":{"line":115,"column":19}},{"start":{"line":117,"column":14},"end":{"line":125,"column":61}},{"start":{"line":127,"column":14},"end":{"line":135,"column":20}},{"start":{"line":137,"column":14},"end":{"line":143,"column":20}},{"start":{"line":145,"column":14},"end":{"line":145,"column":22}},{"start":{"line":146,"column":14},"end":{"line":147,"column":40}}],"line":107},"11":{"loc":{"start":{"line":120,"column":16},"end":{"line":123,"column":17}},"type":"if","locations":[{"start":{"line":120,"column":16},"end":{"line":123,"column":17}},{"start":{"line":120,"column":16},"end":{"line":123,"column":17}}],"line":120},"12":{"loc":{"start":{"line":175,"column":12},"end":{"line":220,"column":13}},"type":"switch","locations":[{"start":{"line":176,"column":14},"end":{"line":180,"column":54}},{"start":{"line":182,"column":14},"end":{"line":190,"column":64}},{"start":{"line":192,"column":14},"end":{"line":194,"column":69}},{"start":{"line":196,"column":14},"end":{"line":207,"column":20}},{"start":{"line":209,"column":14},"end":{"line":215,"column":20}},{"start":{"line":217,"column":14},"end":{"line":217,"column":22}},{"start":{"line":218,"column":14},"end":{"line":219,"column":40}}],"line":175},"13":{"loc":{"start":{"line":185,"column":16},"end":{"line":188,"column":17}},"type":"if","locations":[{"start":{"line":185,"column":16},"end":{"line":188,"column":17}},{"start":{"line":185,"column":16},"end":{"line":188,"column":17}}],"line":185},"14":{"loc":{"start":{"line":247,"column":12},"end":{"line":312,"column":13}},"type":"switch","locations":[{"start":{"line":248,"column":14},"end":{"line":253,"column":54}},{"start":{"line":255,"column":14},"end":{"line":263,"column":60}},{"start":{"line":265,"column":14},"end":{"line":277,"column":19}},{"start":{"line":279,"column":14},"end":{"line":287,"column":65}},{"start":{"line":289,"column":14},"end":{"line":291,"column":54}},{"start":{"line":293,"column":14},"end":{"line":299,"column":20}},{"start":{"line":301,"column":14},"end":{"line":307,"column":20}},{"start":{"line":309,"column":14},"end":{"line":309,"column":22}},{"start":{"line":310,"column":14},"end":{"line":311,"column":40}}],"line":247},"15":{"loc":{"start":{"line":258,"column":16},"end":{"line":261,"column":17}},"type":"if","locations":[{"start":{"line":258,"column":16},"end":{"line":261,"column":17}},{"start":{"line":258,"column":16},"end":{"line":261,"column":17}}],"line":258},"16":{"loc":{"start":{"line":267,"column":24},"end":{"line":267,"column":61}},"type":"cond-expr","locations":[{"start":{"line":267,"column":36},"end":{"line":267,"column":45}},{"start":{"line":267,"column":48},"end":{"line":267,"column":61}}],"line":267},"17":{"loc":{"start":{"line":282,"column":16},"end":{"line":285,"column":17}},"type":"if","locations":[{"start":{"line":282,"column":16},"end":{"line":285,"column":17}},{"start":{"line":282,"column":16},"end":{"line":285,"column":17}}],"line":282},"18":{"loc":{"start":{"line":339,"column":12},"end":{"line":377,"column":13}},"type":"switch","locations":[{"start":{"line":340,"column":14},"end":{"line":348,"column":19}},{"start":{"line":350,"column":14},"end":{"line":358,"column":75}},{"start":{"line":360,"column":14},"end":{"line":364,"column":20}},{"start":{"line":366,"column":14},"end":{"line":372,"column":20}},{"start":{"line":374,"column":14},"end":{"line":374,"column":22}},{"start":{"line":375,"column":14},"end":{"line":376,"column":40}}],"line":339},"19":{"loc":{"start":{"line":353,"column":16},"end":{"line":356,"column":17}},"type":"if","locations":[{"start":{"line":353,"column":16},"end":{"line":356,"column":17}},{"start":{"line":353,"column":16},"end":{"line":356,"column":17}}],"line":353}},"s":{"0":1,"1":1,"2":1,"3":1,"4":2,"5":13,"6":13,"7":13,"8":0,"9":0,"10":13,"11":5,"12":8,"13":5,"14":5,"15":5,"16":5,"17":5,"18":13,"19":0,"20":5,"21":0,"22":0,"23":1,"24":1,"25":5,"26":5,"27":5,"28":5,"29":5,"30":5,"31":1,"32":0,"33":1,"34":1,"35":1,"36":1,"37":0,"38":1,"39":1,"40":1,"41":3,"42":4,"43":1,"44":1,"45":1,"46":1,"47":1,"48":1,"49":1,"50":0,"51":1,"52":0,"53":0,"54":0,"55":1,"56":1,"57":1,"58":1,"59":1,"60":3,"61":4,"62":1,"63":1,"64":1,"65":1,"66":1,"67":1,"68":1,"69":1,"70":0,"71":1,"72":0,"73":0,"74":0,"75":1,"76":1,"77":1,"78":1,"79":1,"80":4,"81":5,"82":1,"83":1,"84":1,"85":1,"86":1,"87":1,"88":1,"89":1,"90":0,"91":1,"92":1,"93":1,"94":1,"95":1,"96":0,"97":0,"98":0,"99":1,"100":1,"101":1,"102":1,"103":1,"104":5,"105":7,"106":1,"107":1,"108":1,"109":1,"110":1,"111":1,"112":1,"113":1,"114":1,"115":0,"116":1,"117":1,"118":1,"119":1,"120":1,"121":1,"122":1,"123":1,"124":0,"125":1,"126":1,"127":1,"128":1,"129":0,"130":0,"131":0,"132":1,"133":1,"134":1,"135":1,"136":1,"137":3,"138":4,"139":1,"140":1,"141":1,"142":1,"143":1,"144":1,"145":1,"146":1,"147":0,"148":1,"149":0,"150":0,"151":0,"152":1,"153":1,"154":1,"155":1,"156":1,"157":1},"f":{"0":2,"1":13,"2":5,"3":5,"4":5,"5":13,"6":0,"7":0,"8":1,"9":1,"10":1,"11":0,"12":1,"13":1,"14":3,"15":1,"16":1,"17":1,"18":3,"19":1,"20":1,"21":1,"22":4,"23":1,"24":1,"25":1,"26":5,"27":1,"28":1,"29":1,"30":3,"31":1},"b":{"0":[2,0],"1":[2,2],"2":[5,8],"3":[0,0],"4":[5,5],"5":[5,0],"6":[0,1],"7":[1,0],"8":[1,1,1,0,0,1],"9":[1,0],"10":[1,1,1,0,0,1],"11":[1,0],"12":[1,1,1,1,0,0,1],"13":[1,0],"14":[1,1,1,1,1,1,0,0,1],"15":[1,0],"16":[1,0],"17":[1,0],"18":[1,1,1,0,0,1],"19":[1,0]},"_coverageSchema":"43e27e138ebf9cfc5966b082cf9a028302ed4184","hash":"f75335f2dd675401ea84b625efe1813fe5e20ba9","contentHash":"3e261a0feacf30e439dca36d4f2a5ebea90e2404d2e6a71695a112d439f1a99f"},"/Users/user1/Desktop/personal/book-a-meal/api/src/utils/testImg.js":{"path":"/Users/user1/Desktop/personal/book-a-meal/api/src/utils/testImg.js","statementMap":{"0":{"start":{"line":3,"column":0},"end":{"line":5,"column":3}},"1":{"start":{"line":6,"column":0},"end":{"line":6,"column":44}},"2":{"start":{"line":7,"column":15},"end":{"line":10,"column":1}},"3":{"start":{"line":11,"column":15},"end":{"line":14,"column":1}},"4":{"start":{"line":15,"column":0},"end":{"line":15,"column":28}},"5":{"start":{"line":16,"column":15},"end":{"line":16,"column":23}},"6":{"start":{"line":17,"column":0},"end":{"line":17,"column":27}}},"fnMap":{},"branchMap":{},"s":{"0":1,"1":1,"2":1,"3":1,"4":1,"5":1,"6":1},"f":{},"b":{},"_coverageSchema":"43e27e138ebf9cfc5966b082cf9a028302ed4184","hash":"b60a5f5f58c4c4c9b83238353eda414869d9094a","contentHash":"d94d9eb30bceb609fd99d7ddbdc368c8025404dee43d7b4a69ab7271580240c4"}}